<?xml version="1.0" encoding="UTF-8" ?>
<testsuite failures="0" time="0.44" errors="1" skipped="0" tests="1" name="org.saiku.olap.discover.OlapMetaExplorerTest">
  <properties>
[...]
</properties>
  <testcase time="0" classname="org.saiku.olap.discover.OlapMetaExplorerTest" name="org.saiku.olap.discover.OlapMetaExplorerTest">
    <error message="java.io.FileNotFoundException: Load data: File foodmart_hsql.script does not exist" type="java.lang.RuntimeException">java.lang.RuntimeException: java.io.FileNotFoundException: Load data: File foodmart_hsql.script does not exist
	at org.saiku.AbstractServiceUtils.initTestContext(AbstractServiceUtils.java:99)
	at org.saiku.olap.discover.OlapMetaExplorerTest.setup(OlapMetaExplorerTest.java:332)
	at sun.reflect.NativeMethodAccessorImpl.invoke0(Native Method)
	at sun.reflect.NativeMethodAccessorImpl.invoke(NativeMethodAccessorImpl.java:39)
	at sun.reflect.DelegatingMethodAccessorImpl.invoke(DelegatingMethodAccessorImpl.java:25)
	at java.lang.reflect.Method.invoke(Method.java:597)
	at org.junit.runners.model.FrameworkMethod$1.runReflectiveCall(FrameworkMethod.java:45)
	at org.junit.internal.runners.model.ReflectiveCallable.run(ReflectiveCallable.java:15)
	at org.junit.runners.model.FrameworkMethod.invokeExplosively(FrameworkMethod.java:42)
	at org.junit.internal.runners.statements.RunBefores.evaluate(RunBefores.java:27)
	at org.junit.runners.ParentRunner.run(ParentRunner.java:300)
	at org.apache.maven.surefire.junit4.JUnit4TestSet.execute(JUnit4TestSet.java:53)
	at org.apache.maven.surefire.junit4.JUnit4Provider.executeTestSet(JUnit4Provider.java:123)
	at org.apache.maven.surefire.junit4.JUnit4Provider.invoke(JUnit4Provider.java:104)
	at sun.reflect.NativeMethodAccessorImpl.invoke0(Native Method)
	at sun.reflect.NativeMethodAccessorImpl.invoke(NativeMethodAccessorImpl.java:39)
	at sun.reflect.DelegatingMethodAccessorImpl.invoke(DelegatingMethodAccessorImpl.java:25)
	at java.lang.reflect.Method.invoke(Method.java:597)
	at org.apache.maven.surefire.util.ReflectionUtils.invokeMethodWithArray(ReflectionUtils.java:164)
	at org.apache.maven.surefire.booter.ProviderFactory$ProviderProxy.invoke(ProviderFactory.java:110)
	at org.apache.maven.surefire.booter.SurefireStarter.invokeProvider(SurefireStarter.java:175)
	at org.apache.maven.surefire.booter.SurefireStarter.runSuitesInProcessWhenForked(SurefireStarter.java:107)
	at org.apache.maven.surefire.booter.ForkedBooter.main(ForkedBooter.java:68)
Caused by: java.io.FileNotFoundException: Load data: File foodmart_hsql.script does not exist
	at org.saiku.AbstractServiceUtils.slurp(AbstractServiceUtils.java:163)
	at org.saiku.AbstractServiceUtils.initTestContext(AbstractServiceUtils.java:83)
	... 22 more
</error>
  </testcase>
</testsuite>