<?xml version="1.0" encoding="UTF-8" ?>
<testsuite errors="2" failures="0" hostname="srkmobile" name="org.dgfoundation.amp.test.AllTest" tests="3" time="16.728" timestamp="2008-11-25T14:27:24">
  <properties>
[...]
</properties>
  <testcase classname="org.dgfoundation.amp.test.example.SimpleUnitTest" name="testEquals" time="15.874">
    <error type="java.util.NoSuchElementException">java.util.NoSuchElementException
	at java.util.AbstractList$Itr.next(AbstractList.java:427)
	at org.dgfoundation.amp.test.example.SimpleUnitTest.setUp(SimpleUnitTest.java:36)
	at org.eclipse.ant.internal.ui.antsupport.EclipseDefaultExecutor.executeTargets(EclipseDefaultExecutor.java:32)
	at org.eclipse.ant.internal.ui.antsupport.InternalAntRunner.run(InternalAntRunner.java:423)
	at org.eclipse.ant.internal.ui.antsupport.InternalAntRunner.main(InternalAntRunner.java:137)
</error>
  </testcase>
  <testcase classname="org.dgfoundation.amp.test.example.SimpleUnitTest" name="testNotEquals" time="0.011">
    <error type="java.util.NoSuchElementException">java.util.NoSuchElementException
	at java.util.AbstractList$Itr.next(AbstractList.java:427)
	at org.dgfoundation.amp.test.example.SimpleUnitTest.setUp(SimpleUnitTest.java:36)
	at org.eclipse.ant.internal.ui.antsupport.EclipseDefaultExecutor.executeTargets(EclipseDefaultExecutor.java:32)
	at org.eclipse.ant.internal.ui.antsupport.InternalAntRunner.run(InternalAntRunner.java:423)
	at org.eclipse.ant.internal.ui.antsupport.InternalAntRunner.main(InternalAntRunner.java:137)
</error>
  </testcase>
  <testcase classname="org.dgfoundation.amp.test.example.TestTest" name="testTest" time="0.0030" />
  <system-out><![CDATA[16:27:25,593  INFO DigiConfigManager:93 - File digi.xml was parsed successfully
16:27:25,762  INFO DigiConfigManager:139 - File um/module-config.xml was parsed successfully
16:27:25,786  INFO DigiConfigManager:139 - File aim/module-config.xml was parsed successfully
16:27:25,790  INFO DigiConfigManager:139 - File gis/module-config.xml was parsed successfully
16:27:25,792  INFO DigiConfigManager:139 - File sdm/module-config.xml was parsed successfully
16:27:25,794  INFO DigiConfigManager:139 - File help/module-config.xml was parsed successfully
16:27:25,795  INFO DigiConfigManager:139 - File translate/module-config.xml was parsed successfully
16:27:25,796  INFO DigiConfigManager:139 - File digifeed/module-config.xml was parsed successfully
16:27:25,798  INFO DigiConfigManager:139 - File admin/module-config.xml was parsed successfully
16:27:25,799  INFO DigiConfigManager:139 - File ampharvester/module-config.xml was parsed successfully
16:27:25,800  INFO DigiConfigManager:139 - File exception/module-config.xml was parsed successfully
16:27:25,801  INFO DigiConfigManager:139 - File categorymanager/module-config.xml was parsed successfully
16:27:25,810  INFO DigiConfigManager:139 - File message/module-config.xml was parsed successfully
16:27:25,842  INFO DigiConfigManager:139 - File calendar/module-config.xml was parsed successfully
16:27:25,844  INFO DigiConfigManager:139 - File mondrian/module-config.xml was parsed successfully
16:27:25,858  INFO DigiConfigManager:139 - File editor/module-config.xml was parsed successfully
16:27:25,860  INFO DigiConfigManager:139 - File autopatcher/module-config.xml was parsed successfully
16:27:25,870  INFO DigiConfigManager:139 - File contentrepository/module-config.xml was parsed successfully
16:27:25,872  INFO DigiConfigManager:139 - File widget/module-config.xml was parsed successfully
16:27:25,873  INFO DigiConfigManager:139 - File translation/module-config.xml was parsed successfully
16:27:25,876  INFO DigiConfigManager:139 - File gateperm/module-config.xml was parsed successfully
16:27:25,878  INFO DigiConfigManager:139 - File orgProfile/module-config.xml was parsed successfully
16:27:26,056  INFO Environment:514 - Hibernate 3.2.6
16:27:26,061  INFO Environment:532 - loaded properties from resource hibernate.properties: {hibernate.connection.password=****, hibernate.query.substitutions=true 1, false 0, yes 'Y', no 'N', hibernate.show_sql=false, hibernate.bytecode.use_reflection_optimizer=false, hibernate.hbm2ddl.auto=update, hibernate.jdbc.use_streams_for_binary=true, hibernate.max_fetch_depth=2, hibernate.statement_cache.size=200, hibernate.use_outer_join=true, hibernate.connection.pool_size=1, hibernate.connection.username=amp, hibernate.connection.isolation=2, hibernate.connection.driver_class=com.mysql.jdbc.Driver, hibernate.cache.provider_class=net.sf.ehcache.hibernate.SingletonEhCacheProvider, hibernate.transaction.factory_class=org.hibernate.transaction.JDBCTransactionFactory, 4##=MySQL, hibernate.dialect=org.hibernate.dialect.MySQLDialect, hibernate.connection.url=jdbc:mysql://localhost/amp_generic?autoReconnect=true&useUnicode=true&characterEncoding=UTF-8&jdbcCompliantTruncation=false}
16:27:26,070  INFO Environment:563 - using java.io streams to persist binary types
16:27:26,072  INFO Environment:681 - Bytecode provider name : cglib
16:27:26,086  INFO Environment:598 - using JDK 1.4 java.sql.Timestamp handling
16:27:26,313  INFO Configuration:591 - Reading mappings from resource: org/digijava/kernel/request/SiteDomain.hbm.xml
16:27:26,315  INFO Configuration:536 - Reading mappings from resource: org/digijava/kernel/request/SiteDomain.hbm.xml
16:27:27,314  INFO HbmBinder:300 - Mapping class: org.digijava.kernel.request.SiteDomain -> DG_SITE_DOMAIN
16:27:27,682  INFO Configuration:591 - Reading mappings from resource: org/digijava/kernel/entity/Address.hbm.xml
16:27:27,683  INFO Configuration:536 - Reading mappings from resource: org/digijava/kernel/entity/Address.hbm.xml
16:27:27,716  INFO HbmBinder:300 - Mapping class: org.digijava.kernel.entity.Address -> EP_ADDRESSES
16:27:27,720  INFO Configuration:591 - Reading mappings from resource: org/digijava/kernel/entity/GeoRegion.hbm.xml
16:27:27,721  INFO Configuration:536 - Reading mappings from resource: org/digijava/kernel/entity/GeoRegion.hbm.xml
16:27:27,734  INFO HbmBinder:300 - Mapping class: org.digijava.kernel.entity.GeoRegion -> DG_GEOREGIONS
16:27:27,751  INFO Configuration:591 - Reading mappings from resource: org/digijava/kernel/user/User.hbm.xml
16:27:27,752  INFO Configuration:536 - Reading mappings from resource: org/digijava/kernel/user/User.hbm.xml
16:27:27,765  INFO HbmBinder:300 - Mapping class: org.digijava.kernel.user.User -> DG_USER
16:27:27,804  INFO HbmBinder:1419 - Mapping collection: org.digijava.kernel.user.User.groups -> DG_USER_GROUP
16:27:27,807  INFO Configuration:591 - Reading mappings from resource: org/digijava/kernel/user/UserLoginInfo.hbm.xml
16:27:27,808  INFO Configuration:536 - Reading mappings from resource: org/digijava/kernel/user/UserLoginInfo.hbm.xml
16:27:27,818  INFO HbmBinder:300 - Mapping class: org.digijava.kernel.user.UserLoginInfo -> DG_USER_LOGIN_INFO
16:27:27,820  INFO Configuration:591 - Reading mappings from resource: org/digijava/kernel/user/UserContactInfo.hbm.xml
16:27:27,821  INFO Configuration:536 - Reading mappings from resource: org/digijava/kernel/user/UserContactInfo.hbm.xml
16:27:27,831  INFO HbmBinder:300 - Mapping class: org.digijava.kernel.user.UserContactInfo -> DG_USER_CONTACT_INFO
16:27:27,848  INFO Configuration:591 - Reading mappings from resource: org/digijava/kernel/request/Site.hbm.xml
16:27:27,849  INFO Configuration:536 - Reading mappings from resource: org/digijava/kernel/request/Site.hbm.xml
16:27:27,872  INFO HbmBinder:300 - Mapping class: org.digijava.kernel.request.Site -> DG_SITE
16:27:27,873  INFO HbmBinder:1419 - Mapping collection: org.digijava.kernel.request.Site.translationLanguages -> DG_SITE_TRANS_LANG_MAP
16:27:27,874  INFO HbmBinder:1419 - Mapping collection: org.digijava.kernel.request.Site.userLanguages -> DG_SITE_USER_LANG_MAP
16:27:27,875  INFO HbmBinder:1419 - Mapping collection: org.digijava.kernel.request.Site.countries -> DG_SITE_COUNTRY_MAP
16:27:27,876  INFO Configuration:591 - Reading mappings from resource: org/digijava/kernel/entity/Image.hbm.xml
16:27:27,877  INFO Configuration:536 - Reading mappings from resource: org/digijava/kernel/entity/Image.hbm.xml
16:27:27,896  INFO HbmBinder:300 - Mapping class: org.digijava.kernel.entity.Image -> DG_IMAGE
16:27:27,908  INFO Configuration:591 - Reading mappings from resource: org/digijava/kernel/user/Group.hbm.xml
16:27:27,909  INFO Configuration:536 - Reading mappings from resource: org/digijava/kernel/user/Group.hbm.xml
16:27:27,920  INFO HbmBinder:300 - Mapping class: org.digijava.kernel.user.Group -> DG_GROUP
16:27:27,921  INFO HbmBinder:1419 - Mapping collection: org.digijava.kernel.user.Group.users -> DG_USER_GROUP
16:27:27,924  INFO Configuration:591 - Reading mappings from resource: org/digijava/kernel/user/GroupPermission.hbm.xml
16:27:27,925  INFO Configuration:536 - Reading mappings from resource: org/digijava/kernel/user/GroupPermission.hbm.xml
16:27:27,936  INFO HbmBinder:300 - Mapping class: org.digijava.kernel.user.GroupPermission -> DG_GROUP_PERMISSION
16:27:27,939  INFO Configuration:591 - Reading mappings from resource: org/digijava/kernel/entity/Locale.hbm.xml
16:27:27,940  INFO Configuration:536 - Reading mappings from resource: org/digijava/kernel/entity/Locale.hbm.xml
16:27:27,952  INFO HbmBinder:300 - Mapping class: org.digijava.kernel.entity.Locale -> DG_LOCALE
16:27:27,954  INFO Configuration:591 - Reading mappings from resource: org/digijava/kernel/entity/UserPreferences.hbm.xml
16:27:27,955  INFO Configuration:536 - Reading mappings from resource: org/digijava/kernel/entity/UserPreferences.hbm.xml
16:27:27,965  INFO HbmBinder:300 - Mapping class: org.digijava.kernel.entity.UserPreferences -> DG_USER_PREFERENCES
16:27:27,967  INFO Configuration:591 - Reading mappings from resource: org/digijava/kernel/dbentity/Country.hbm.xml
16:27:27,968  INFO Configuration:536 - Reading mappings from resource: org/digijava/kernel/dbentity/Country.hbm.xml
16:27:27,978  INFO HbmBinder:300 - Mapping class: org.digijava.kernel.dbentity.Country -> DG_COUNTRIES
16:27:27,980  INFO Configuration:591 - Reading mappings from resource: org/digijava/kernel/entity/OrganizationType.hbm.xml
16:27:27,981  INFO Configuration:536 - Reading mappings from resource: org/digijava/kernel/entity/OrganizationType.hbm.xml
16:27:27,991  INFO HbmBinder:300 - Mapping class: org.digijava.kernel.entity.OrganizationType -> DG_ORGANIZATION_TYPE
16:27:27,997  INFO Configuration:591 - Reading mappings from resource: org/digijava/kernel/entity/HowDidYouHear.hbm.xml
16:27:27,998  INFO Configuration:536 - Reading mappings from resource: org/digijava/kernel/entity/HowDidYouHear.hbm.xml
16:27:28,008  INFO HbmBinder:300 - Mapping class: org.digijava.kernel.entity.HowDidYouHear -> DG_HOW_DID_U_HEAR
16:27:28,012  INFO Configuration:591 - Reading mappings from resource: org/digijava/kernel/entity/ModuleInstance.hbm.xml
16:27:28,013  INFO Configuration:536 - Reading mappings from resource: org/digijava/kernel/entity/ModuleInstance.hbm.xml
16:27:28,025  INFO HbmBinder:300 - Mapping class: org.digijava.kernel.entity.ModuleInstance -> DG_MODULE_INSTANCE
16:27:28,028  INFO Configuration:591 - Reading mappings from resource: org/digijava/kernel/entity/UserLangPreferences.hbm.xml
16:27:28,029  INFO Configuration:536 - Reading mappings from resource: org/digijava/kernel/entity/UserLangPreferences.hbm.xml
16:27:28,040  INFO HbmBinder:300 - Mapping class: org.digijava.kernel.entity.UserLangPreferences -> DG_USER_LANG_PREFERENCES
16:27:28,041  INFO HbmBinder:1419 - Mapping collection: org.digijava.kernel.entity.UserLangPreferences.contentLanguages -> DG_USER_CONT_LANGUAGE_MAP
16:27:28,044  INFO Configuration:591 - Reading mappings from resource: org/digijava/kernel/entity/Interests.hbm.xml
16:27:28,044  INFO Configuration:536 - Reading mappings from resource: org/digijava/kernel/entity/Interests.hbm.xml
16:27:28,055  INFO HbmBinder:300 - Mapping class: org.digijava.kernel.entity.Interests -> DG_INTERESTS
16:27:28,057  INFO Configuration:591 - Reading mappings from resource: org/digijava/kernel/entity/ContentAlert.hbm.xml
16:27:28,058  INFO Configuration:536 - Reading mappings from resource: org/digijava/kernel/entity/ContentAlert.hbm.xml
16:27:28,073  INFO HbmBinder:300 - Mapping class: org.digijava.kernel.entity.ContentAlert -> DG_CONTENT_ALERT
16:27:28,086  INFO Configuration:591 - Reading mappings from resource: org/digijava/kernel/entity/OracleLocale.hbm.xml
16:27:28,087  INFO Configuration:536 - Reading mappings from resource: org/digijava/kernel/entity/OracleLocale.hbm.xml
16:27:28,098  INFO HbmBinder:300 - Mapping class: org.digijava.kernel.entity.OracleLocale -> J_LOCALES
16:27:28,099  INFO Configuration:591 - Reading mappings from resource: org/digijava/kernel/entity/PrincipalPermission.hbm.xml
16:27:28,100  INFO Configuration:536 - Reading mappings from resource: org/digijava/kernel/entity/PrincipalPermission.hbm.xml
16:27:28,112  INFO HbmBinder:300 - Mapping class: org.digijava.kernel.entity.PrincipalPermission -> DG_PRINCIPAL_PERMISSION
16:27:28,116  INFO Configuration:591 - Reading mappings from resource: org/digijava/kernel/entity/PrincipalPermissionParameter.hbm.xml
16:27:28,117  INFO Configuration:536 - Reading mappings from resource: org/digijava/kernel/entity/PrincipalPermissionParameter.hbm.xml
16:27:28,136  INFO HbmBinder:300 - Mapping class: org.digijava.kernel.entity.PrincipalPermissionParameter -> DG_PRINCIPAL_PERMISSION_PARAM
16:27:28,138  INFO Configuration:591 - Reading mappings from resource: org/digijava/kernel/entity/Message.hbm.xml
16:27:28,139  INFO Configuration:536 - Reading mappings from resource: org/digijava/kernel/entity/Message.hbm.xml
16:27:28,149  INFO HbmBinder:300 - Mapping class: org.digijava.kernel.entity.Message -> DG_MESSAGE
16:27:28,159  INFO Configuration:591 - Reading mappings from resource: org/digijava/kernel/entity/AccessLog.hbm.xml
16:27:28,160  INFO Configuration:536 - Reading mappings from resource: org/digijava/kernel/entity/AccessLog.hbm.xml
16:27:28,170  INFO HbmBinder:300 - Mapping class: org.digijava.kernel.entity.AccessLog -> DG_ACCESS_LOG
16:27:28,172  INFO Configuration:591 - Reading mappings from resource: org/digijava/module/common/dbentity/ItemStatus.hbm.xml
16:27:28,172  INFO Configuration:536 - Reading mappings from resource: org/digijava/module/common/dbentity/ItemStatus.hbm.xml
16:27:28,182  INFO HbmBinder:300 - Mapping class: org.digijava.module.common.dbentity.ItemStatus -> DG_ITEM_STATUS
16:27:28,183  INFO Configuration:591 - Reading mappings from resource: org/digijava/module/common/dbentity/ModuleTeaser.hbm.xml
16:27:28,184  INFO Configuration:536 - Reading mappings from resource: org/digijava/module/common/dbentity/ModuleTeaser.hbm.xml
16:27:28,197  INFO HbmBinder:300 - Mapping class: org.digijava.module.common.dbentity.ModuleTeaser -> DG_MODULE_TEASER_SETTINGS
16:27:28,199  INFO Configuration:591 - Reading mappings from resource: org/digijava/kernel/entity/MailSpool.hbm.xml
16:27:28,200  INFO Configuration:536 - Reading mappings from resource: org/digijava/kernel/entity/MailSpool.hbm.xml
16:27:28,209  INFO HbmBinder:300 - Mapping class: org.digijava.kernel.entity.MailSpool -> DG_MAIL_SPOOL
16:27:28,212  WARN HibernateClassLoader:105 - No hibernate classes for module translation
16:27:28,213  WARN HibernateClassLoader:105 - No hibernate classes for module mondrian
16:27:28,214  INFO Configuration:591 - Reading mappings from resource: org/digijava/module/aim/dbentity/AmpAhsurveyIndicatorCalcFormula.hbm.xml
16:27:28,215  INFO Configuration:536 - Reading mappings from resource: org/digijava/module/aim/dbentity/AmpAhsurveyIndicatorCalcFormula.hbm.xml
16:27:28,225  INFO HbmBinder:300 - Mapping class: org.digijava.module.aim.dbentity.AmpAhsurveyIndicatorCalcFormula -> AMP_AHSURVEY_CALC_FORMULA
16:27:28,356  INFO Configuration:591 - Reading mappings from resource: org/digijava/module/aim/dbentity/AmpActivity.hbm.xml
16:27:28,357  INFO Configuration:536 - Reading mappings from resource: org/digijava/module/aim/dbentity/AmpActivity.hbm.xml
16:27:28,379  INFO HbmBinder:300 - Mapping class: org.digijava.module.aim.dbentity.AmpActivity -> AMP_ACTIVITY
16:27:28,385  INFO HbmBinder:1419 - Mapping collection: org.digijava.module.aim.dbentity.AmpActivity.categories -> AMP_ACTIVITIES_CATEGORYVALUES
16:27:28,386  INFO HbmBinder:1419 - Mapping collection: org.digijava.module.aim.dbentity.AmpActivity.activityPrograms -> AMP_ACTIVITY_THEME
16:27:28,387  INFO HbmBinder:1419 - Mapping collection: org.digijava.module.aim.dbentity.AmpActivity.components -> AMP_ACTIVITY_COMPONENTS
16:27:28,388  INFO HbmBinder:1419 - Mapping collection: org.digijava.module.aim.dbentity.AmpActivity.documents -> AMP_ACTIVITY_KM_DOCUMENTS
16:27:28,389  INFO HbmBinder:1419 - Mapping collection: org.digijava.module.aim.dbentity.AmpActivity.member -> AMP_MEMBER_ACTIVITIES
16:27:28,391  INFO Configuration:591 - Reading mappings from resource: org/digijava/module/aim/dbentity/AmpActivityInternalId.hbm.xml
16:27:28,395  INFO Configuration:536 - Reading mappings from resource: org/digijava/module/aim/dbentity/AmpActivityInternalId.hbm.xml
16:27:28,405  INFO HbmBinder:300 - Mapping class: org.digijava.module.aim.dbentity.AmpActivityInternalId -> AMP_ACTIVITY_INTERNAL_ID
16:27:28,407  INFO Configuration:591 - Reading mappings from resource: org/digijava/module/aim/dbentity/AmpStatus.hbm.xml
16:27:28,410  INFO Configuration:536 - Reading mappings from resource: org/digijava/module/aim/dbentity/AmpStatus.hbm.xml
16:27:28,433  INFO HbmBinder:300 - Mapping class: org.digijava.module.aim.dbentity.AmpStatus -> AMP_STATUS
16:27:28,436  INFO Configuration:591 - Reading mappings from resource: org/digijava/module/aim/dbentity/AmpPledge.hbm.xml
16:27:28,437  INFO Configuration:536 - Reading mappings from resource: org/digijava/module/aim/dbentity/AmpPledge.hbm.xml
16:27:28,447  INFO HbmBinder:300 - Mapping class: org.digijava.module.aim.dbentity.AmpPledge -> AMP_PLEDGES
16:27:28,455  INFO Configuration:591 - Reading mappings from resource: org/digijava/module/aim/dbentity/AmpSector.hbm.xml
16:27:28,455  INFO Configuration:536 - Reading mappings from resource: org/digijava/module/aim/dbentity/AmpSector.hbm.xml
16:27:28,467  INFO HbmBinder:300 - Mapping class: org.digijava.module.aim.dbentity.AmpSector -> AMP_SECTOR
16:27:28,470  INFO HbmBinder:1419 - Mapping collection: org.digijava.module.aim.dbentity.AmpSector.indicators -> AMP_SECTOR_INDICATOR
16:27:28,472  INFO Configuration:591 - Reading mappings from resource: org/digijava/module/aim/dbentity/AmpActivitySector.hbm.xml
16:27:28,472  INFO Configuration:536 - Reading mappings from resource: org/digijava/module/aim/dbentity/AmpActivitySector.hbm.xml
16:27:28,539  INFO HbmBinder:300 - Mapping class: org.digijava.module.aim.dbentity.AmpActivitySector -> AMP_ACTIVITY_SECTOR
16:27:28,548  INFO Configuration:591 - Reading mappings from resource: org/digijava/module/aim/dbentity/AmpLocation.hbm.xml
16:27:28,550  INFO Configuration:536 - Reading mappings from resource: org/digijava/module/aim/dbentity/AmpLocation.hbm.xml
16:27:28,560  INFO HbmBinder:300 - Mapping class: org.digijava.module.aim.dbentity.AmpLocation -> AMP_LOCATION
16:27:28,561  INFO HbmBinder:1419 - Mapping collection: org.digijava.module.aim.dbentity.AmpLocation.aidlocation -> AMP_ACTIVITY_LOCATION
16:27:28,562  INFO Configuration:591 - Reading mappings from resource: org/digijava/module/aim/dbentity/AmpOrganisation.hbm.xml
16:27:28,563  INFO Configuration:536 - Reading mappings from resource: org/digijava/module/aim/dbentity/AmpOrganisation.hbm.xml
16:27:28,575  INFO HbmBinder:300 - Mapping class: org.digijava.module.aim.dbentity.AmpOrganisation -> AMP_ORGANISATION
16:27:28,615  INFO HbmBinder:1419 - Mapping collection: org.digijava.module.aim.dbentity.AmpOrganisation.sectors -> AMP_ORGANISATION_SECTOR
16:27:28,616  INFO HbmBinder:1419 - Mapping collection: org.digijava.module.aim.dbentity.AmpOrganisation.calendar -> AMP_CALENDAR_EVENT_ORGANISATIONS
16:27:28,618  INFO Configuration:591 - Reading mappings from resource: org/digijava/module/aim/dbentity/AmpRole.hbm.xml
16:27:28,619  INFO Configuration:536 - Reading mappings from resource: org/digijava/module/aim/dbentity/AmpRole.hbm.xml
16:27:28,629  INFO HbmBinder:300 - Mapping class: org.digijava.module.aim.dbentity.AmpRole -> AMP_ROLE
16:27:28,631  INFO Configuration:591 - Reading mappings from resource: org/digijava/module/aim/dbentity/AmpLevel.hbm.xml
16:27:28,632  INFO Configuration:536 - Reading mappings from resource: org/digijava/module/aim/dbentity/AmpLevel.hbm.xml
16:27:28,641  INFO HbmBinder:300 - Mapping class: org.digijava.module.aim.dbentity.AmpLevel -> AMP_LEVEL
16:27:28,648 ERROR HibernateClassLoader:173 - Error loading Hibernate class org.digijava.module.aim.dbentity.AmpModality
16:27:28,650  INFO Configuration:591 - Reading mappings from resource: org/digijava/module/aim/dbentity/AmpPhysicalPerformance.hbm.xml
16:27:28,651  INFO Configuration:536 - Reading mappings from resource: org/digijava/module/aim/dbentity/AmpPhysicalPerformance.hbm.xml
16:27:28,660  INFO HbmBinder:300 - Mapping class: org.digijava.module.aim.dbentity.AmpPhysicalPerformance -> AMP_PHYSICAL_PERFORMANCE
16:27:28,662  INFO Configuration:591 - Reading mappings from resource: org/digijava/module/aim/dbentity/AmpNotes.hbm.xml
16:27:28,663  INFO Configuration:536 - Reading mappings from resource: org/digijava/module/aim/dbentity/AmpNotes.hbm.xml
16:27:28,672  INFO HbmBinder:300 - Mapping class: org.digijava.module.aim.dbentity.AmpNotes -> AMP_NOTES
16:27:28,674  INFO Configuration:591 - Reading mappings from resource: org/digijava/module/aim/dbentity/AmpKmDocuments.hbm.xml
16:27:28,675  INFO Configuration:536 - Reading mappings from resource: org/digijava/module/aim/dbentity/AmpKmDocuments.hbm.xml
16:27:28,684  INFO HbmBinder:300 - Mapping class: org.digijava.module.aim.dbentity.AmpKmDocuments -> AMP_KM_DOCUMENTS
16:27:28,699  INFO Configuration:591 - Reading mappings from resource: org/digijava/module/aim/dbentity/AmpTheme.hbm.xml
16:27:28,700  INFO Configuration:536 - Reading mappings from resource: org/digijava/module/aim/dbentity/AmpTheme.hbm.xml
16:27:28,714  INFO HbmBinder:300 - Mapping class: org.digijava.module.aim.dbentity.AmpTheme -> AMP_THEME
16:27:28,715  INFO HbmBinder:1419 - Mapping collection: org.digijava.module.aim.dbentity.AmpTheme.activities -> AMP_ACTIVITY_THEME
16:27:28,717  INFO Configuration:591 - Reading mappings from resource: org/digijava/module/aim/dbentity/AmpFiscalCalendar.hbm.xml
16:27:28,718  INFO Configuration:536 - Reading mappings from resource: org/digijava/module/aim/dbentity/AmpFiscalCalendar.hbm.xml
16:27:28,729  INFO HbmBinder:300 - Mapping class: org.digijava.module.aim.dbentity.AmpFiscalCalendar -> AMP_FISCAL_CALENDAR
16:27:28,739  INFO Configuration:591 - Reading mappings from resource: org/digijava/module/aim/dbentity/AmpFunding.hbm.xml
16:27:28,740  INFO Configuration:536 - Reading mappings from resource: org/digijava/module/aim/dbentity/AmpFunding.hbm.xml
16:27:28,761  INFO HbmBinder:300 - Mapping class: org.digijava.module.aim.dbentity.AmpFunding -> AMP_FUNDING
16:27:28,775  INFO Configuration:591 - Reading mappings from resource: org/digijava/module/aim/dbentity/AmpModulesVisibility.hbm.xml
16:27:28,775  INFO Configuration:536 - Reading mappings from resource: org/digijava/module/aim/dbentity/AmpModulesVisibility.hbm.xml
16:27:28,801  INFO HbmBinder:300 - Mapping class: org.digijava.module.aim.dbentity.AmpModulesVisibility -> AMP_MODULES_VISIBILITY
16:27:28,802  INFO HbmBinder:1419 - Mapping collection: org.digijava.module.aim.dbentity.AmpModulesVisibility.templates -> amp_modules_templates
16:27:28,805  INFO Configuration:591 - Reading mappings from resource: org/digijava/module/aim/dbentity/AmpTemplatesVisibility.hbm.xml
16:27:28,808  INFO Configuration:536 - Reading mappings from resource: org/digijava/module/aim/dbentity/AmpTemplatesVisibility.hbm.xml
16:27:28,822  INFO HbmBinder:300 - Mapping class: org.digijava.module.aim.dbentity.AmpTemplatesVisibility -> AMP_TEMPLATES_VISIBILITY
16:27:28,823  INFO HbmBinder:1419 - Mapping collection: org.digijava.module.aim.dbentity.AmpTemplatesVisibility.items -> amp_modules_templates
16:27:28,824  INFO HbmBinder:1419 - Mapping collection: org.digijava.module.aim.dbentity.AmpTemplatesVisibility.features -> amp_features_templates
16:27:28,825  INFO HbmBinder:1419 - Mapping collection: org.digijava.module.aim.dbentity.AmpTemplatesVisibility.fields -> amp_fields_templates
16:27:28,827  INFO Configuration:591 - Reading mappings from resource: org/digijava/module/aim/dbentity/AmpFeaturesVisibility.hbm.xml
16:27:28,828  INFO Configuration:536 - Reading mappings from resource: org/digijava/module/aim/dbentity/AmpFeaturesVisibility.hbm.xml
16:27:28,839  INFO HbmBinder:300 - Mapping class: org.digijava.module.aim.dbentity.AmpFeaturesVisibility -> AMP_FEATURES_VISIBILITY
16:27:28,840  INFO HbmBinder:1419 - Mapping collection: org.digijava.module.aim.dbentity.AmpFeaturesVisibility.templates -> amp_features_templates
16:27:28,852  INFO Configuration:591 - Reading mappings from resource: org/digijava/module/aim/dbentity/AmpAuditLogger.hbm.xml
16:27:28,853  INFO Configuration:536 - Reading mappings from resource: org/digijava/module/aim/dbentity/AmpAuditLogger.hbm.xml
16:27:28,864  INFO HbmBinder:300 - Mapping class: org.digijava.module.aim.dbentity.AmpAuditLogger -> AMP_AUDIT_LOGGER
16:27:28,870  INFO Configuration:591 - Reading mappings from resource: org/digijava/module/aim/dbentity/AmpFieldsVisibility.hbm.xml
16:27:28,871  INFO Configuration:536 - Reading mappings from resource: org/digijava/module/aim/dbentity/AmpFieldsVisibility.hbm.xml
16:27:28,882  INFO HbmBinder:300 - Mapping class: org.digijava.module.aim.dbentity.AmpFieldsVisibility -> AMP_FIELDS_VISIBILITY
16:27:28,883  INFO HbmBinder:1419 - Mapping collection: org.digijava.module.aim.dbentity.AmpFieldsVisibility.templates -> amp_fields_templates
16:27:28,886  INFO Configuration:591 - Reading mappings from resource: org/digijava/module/aim/dbentity/AmpFundingDetail.hbm.xml
16:27:28,888  INFO Configuration:536 - Reading mappings from resource: org/digijava/module/aim/dbentity/AmpFundingDetail.hbm.xml
16:27:28,900  INFO HbmBinder:300 - Mapping class: org.digijava.module.aim.dbentity.AmpFundingDetail -> AMP_FUNDING_DETAIL
16:27:28,903  INFO Configuration:591 - Reading mappings from resource: org/digijava/module/aim/dbentity/AmpFundingMTEFProjection.hbm.xml
16:27:28,903  INFO Configuration:536 - Reading mappings from resource: org/digijava/module/aim/dbentity/AmpFundingMTEFProjection.hbm.xml
16:27:28,915  INFO HbmBinder:300 - Mapping class: org.digijava.module.aim.dbentity.AmpFundingMTEFProjection -> AMP_FUNDING_MTEF_PROJECTION
16:27:28,917  INFO Configuration:591 - Reading mappings from resource: org/digijava/module/aim/dbentity/AmpCurrency.hbm.xml
16:27:28,919  INFO Configuration:536 - Reading mappings from resource: org/digijava/module/aim/dbentity/AmpCurrency.hbm.xml
16:27:28,933  INFO HbmBinder:300 - Mapping class: org.digijava.module.aim.dbentity.AmpCurrency -> AMP_CURRENCY
16:27:28,938  INFO Configuration:591 - Reading mappings from resource: org/digijava/module/aim/dbentity/AmpCurrencyRate.hbm.xml
16:27:28,939  INFO Configuration:536 - Reading mappings from resource: org/digijava/module/aim/dbentity/AmpCurrencyRate.hbm.xml
16:27:28,949  INFO HbmBinder:300 - Mapping class: org.digijava.module.aim.dbentity.AmpCurrencyRate -> AMP_CURRENCY_RATE
16:27:28,961  INFO Configuration:591 - Reading mappings from resource: org/digijava/module/aim/dbentity/AmpTeam.hbm.xml
16:27:28,962  INFO Configuration:536 - Reading mappings from resource: org/digijava/module/aim/dbentity/AmpTeam.hbm.xml
16:27:28,973  INFO HbmBinder:300 - Mapping class: org.digijava.module.aim.dbentity.AmpTeam -> AMP_TEAM
16:27:28,975  INFO HbmBinder:1419 - Mapping collection: org.digijava.module.aim.dbentity.AmpTeam.activityList -> AMP_TEAM_ACTIVITIES
16:27:28,977  INFO HbmBinder:1419 - Mapping collection: org.digijava.module.aim.dbentity.AmpTeam.organizations -> AMP_TEAM_ORGS
16:27:28,992  INFO Configuration:591 - Reading mappings from resource: org/digijava/module/aim/dbentity/AmpMEIndicatorValue.hbm.xml
16:27:28,992  INFO Configuration:536 - Reading mappings from resource: org/digijava/module/aim/dbentity/AmpMEIndicatorValue.hbm.xml
16:27:29,012  INFO HbmBinder:300 - Mapping class: org.digijava.module.aim.dbentity.AmpMEIndicatorValue -> AMP_ME_INDICATOR_VALUE
16:27:29,014  INFO Configuration:591 - Reading mappings from resource: org/digijava/module/aim/dbentity/AmpMEIndicators.hbm.xml
16:27:29,016  INFO Configuration:536 - Reading mappings from resource: org/digijava/module/aim/dbentity/AmpMEIndicators.hbm.xml
16:27:29,027  INFO HbmBinder:300 - Mapping class: org.digijava.module.aim.dbentity.AmpMEIndicators -> AMP_ME_INDICATORS
16:27:29,029  INFO Configuration:591 - Reading mappings from resource: org/digijava/module/aim/dbentity/AmpTeamMemberRoles.hbm.xml
16:27:29,030  INFO Configuration:536 - Reading mappings from resource: org/digijava/module/aim/dbentity/AmpTeamMemberRoles.hbm.xml
16:27:29,040  INFO HbmBinder:300 - Mapping class: org.digijava.module.aim.dbentity.AmpTeamMemberRoles -> AMP_TEAM_MEMBER_ROLES
16:27:29,047  INFO Configuration:591 - Reading mappings from resource: org/digijava/module/aim/dbentity/AmpTeamMember.hbm.xml
16:27:29,048  INFO Configuration:536 - Reading mappings from resource: org/digijava/module/aim/dbentity/AmpTeamMember.hbm.xml
16:27:29,060  INFO HbmBinder:300 - Mapping class: org.digijava.module.aim.dbentity.AmpTeamMember -> AMP_TEAM_MEMBER
16:27:29,061  INFO HbmBinder:1419 - Mapping collection: org.digijava.module.aim.dbentity.AmpTeamMember.activities -> AMP_MEMBER_ACTIVITIES
16:27:29,062  INFO HbmBinder:1419 - Mapping collection: org.digijava.module.aim.dbentity.AmpTeamMember.links -> AMP_MEMBER_LINKS
16:27:29,063  INFO HbmBinder:1419 - Mapping collection: org.digijava.module.aim.dbentity.AmpTeamMember.reports -> AMP_MEMBER_REPORTS
16:27:29,065  INFO HbmBinder:1419 - Mapping collection: org.digijava.module.aim.dbentity.AmpTeamMember.editableFundingOrgs -> AMP_EDIT_DONOR_ORG
16:27:29,069  INFO Configuration:591 - Reading mappings from resource: org/digijava/module/aim/dbentity/AmpApplicationSettings.hbm.xml
16:27:29,070  INFO Configuration:536 - Reading mappings from resource: org/digijava/module/aim/dbentity/AmpApplicationSettings.hbm.xml
16:27:29,081  INFO HbmBinder:300 - Mapping class: org.digijava.module.aim.dbentity.AmpApplicationSettings -> AMP_APPLICATION_SETTINGS
16:27:29,095  INFO Configuration:591 - Reading mappings from resource: org/digijava/module/aim/dbentity/AmpReports.hbm.xml
16:27:29,095  INFO Configuration:536 - Reading mappings from resource: org/digijava/module/aim/dbentity/AmpReports.hbm.xml
16:27:29,113  INFO HbmBinder:300 - Mapping class: org.digijava.module.aim.dbentity.AmpReports -> AMP_REPORTS
16:27:29,115  INFO HbmBinder:1419 - Mapping collection: org.digijava.module.aim.dbentity.AmpReports.members -> AMP_MEMBER_REPORTS
16:27:29,115  INFO HbmBinder:1419 - Mapping collection: org.digijava.module.aim.dbentity.AmpReports.columns -> AMP_REPORT_COLUMN
16:27:29,120  INFO HbmBinder:1419 - Mapping collection: org.digijava.module.aim.dbentity.AmpReports.hierarchies -> AMP_REPORT_HIERARCHY
16:27:29,121  INFO HbmBinder:1419 - Mapping collection: org.digijava.module.aim.dbentity.AmpReports.measures -> AMP_REPORT_MEASURES
16:27:29,122  INFO HbmBinder:1419 - Mapping collection: org.digijava.module.aim.dbentity.AmpReports.reportMeasures -> AMP_REPORT_XLEVEL_MEASURES
16:27:29,123  INFO Configuration:591 - Reading mappings from resource: org/digijava/module/aim/dbentity/AmpReportLog.hbm.xml
16:27:29,126  INFO Configuration:536 - Reading mappings from resource: org/digijava/module/aim/dbentity/AmpReportLog.hbm.xml
16:27:29,136  INFO HbmBinder:300 - Mapping class: org.digijava.module.aim.dbentity.AmpReportLog -> AMP_REPORT_LOG
16:27:29,138  INFO Configuration:591 - Reading mappings from resource: org/digijava/module/aim/dbentity/AmpSectorScheme.hbm.xml
16:27:29,139  INFO Configuration:536 - Reading mappings from resource: org/digijava/module/aim/dbentity/AmpSectorScheme.hbm.xml
16:27:29,153  INFO HbmBinder:300 - Mapping class: org.digijava.module.aim.dbentity.AmpSectorScheme -> AMP_SECTOR_SCHEME
16:27:29,155  INFO Configuration:591 - Reading mappings from resource: org/digijava/module/aim/dbentity/AmpTermsAssist.hbm.xml
16:27:29,156  INFO Configuration:536 - Reading mappings from resource: org/digijava/module/aim/dbentity/AmpTermsAssist.hbm.xml
16:27:29,166  INFO HbmBinder:300 - Mapping class: org.digijava.module.aim.dbentity.AmpTermsAssist -> AMP_TERMS_ASSIST
16:27:29,168  INFO Configuration:591 - Reading mappings from resource: org/digijava/module/aim/dbentity/AmpClosingDateHistory.hbm.xml
16:27:29,169  INFO Configuration:536 - Reading mappings from resource: org/digijava/module/aim/dbentity/AmpClosingDateHistory.hbm.xml
16:27:29,179  INFO HbmBinder:300 - Mapping class: org.digijava.module.aim.dbentity.AmpClosingDateHistory -> AMP_CLOSING_DATE_HISTORY
16:27:29,182  INFO Configuration:591 - Reading mappings from resource: org/digijava/module/aim/dbentity/AmpPages.hbm.xml
16:27:29,183  INFO Configuration:536 - Reading mappings from resource: org/digijava/module/aim/dbentity/AmpPages.hbm.xml
16:27:29,204  INFO HbmBinder:300 - Mapping class: org.digijava.module.aim.dbentity.AmpPages -> AMP_PAGES
16:27:29,205  INFO HbmBinder:1419 - Mapping collection: org.digijava.module.aim.dbentity.AmpPages.filters -> AMP_PAGE_FILTERS
16:27:29,207  INFO Configuration:591 - Reading mappings from resource: org/digijava/module/aim/dbentity/AmpFilters.hbm.xml
16:27:29,208  INFO Configuration:536 - Reading mappings from resource: org/digijava/module/aim/dbentity/AmpFilters.hbm.xml
16:27:29,219  INFO HbmBinder:300 - Mapping class: org.digijava.module.aim.dbentity.AmpFilters -> AMP_FILTERS
16:27:29,220  INFO HbmBinder:1419 - Mapping collection: org.digijava.module.aim.dbentity.AmpFilters.pages -> AMP_PAGE_FILTERS
16:27:29,222  INFO Configuration:591 - Reading mappings from resource: org/digijava/module/aim/dbentity/AmpTeamReports.hbm.xml
16:27:29,222  INFO Configuration:536 - Reading mappings from resource: org/digijava/module/aim/dbentity/AmpTeamReports.hbm.xml
16:27:29,235  INFO HbmBinder:300 - Mapping class: org.digijava.module.aim.dbentity.AmpTeamReports -> AMP_TEAM_REPORTS
16:27:29,245  INFO Configuration:591 - Reading mappings from resource: org/digijava/module/aim/dbentity/AmpReportCache.hbm.xml
16:27:29,246  INFO Configuration:536 - Reading mappings from resource: org/digijava/module/aim/dbentity/AmpReportCache.hbm.xml
16:27:29,257  INFO HbmBinder:300 - Mapping class: org.digijava.module.aim.dbentity.AmpReportCache -> AMP_REPORT_CACHE
16:27:29,260  INFO Configuration:591 - Reading mappings from resource: org/digijava/module/aim/dbentity/AmpReportSector.hbm.xml
16:27:29,261  INFO Configuration:536 - Reading mappings from resource: org/digijava/module/aim/dbentity/AmpReportSector.hbm.xml
16:27:29,270  INFO HbmBinder:300 - Mapping class: org.digijava.module.aim.dbentity.AmpReportSector -> AMP_REPORT_SECTOR
16:27:29,272  INFO Configuration:591 - Reading mappings from resource: org/digijava/module/aim/dbentity/AmpReportLocation.hbm.xml
16:27:29,275  INFO Configuration:536 - Reading mappings from resource: org/digijava/module/aim/dbentity/AmpReportLocation.hbm.xml
16:27:29,292  INFO HbmBinder:300 - Mapping class: org.digijava.module.aim.dbentity.AmpReportLocation -> AMP_REPORT_LOCATION
16:27:29,304  INFO Configuration:591 - Reading mappings from resource: org/digijava/module/aim/dbentity/AmpRegion.hbm.xml
16:27:29,305  INFO Configuration:536 - Reading mappings from resource: org/digijava/module/aim/dbentity/AmpRegion.hbm.xml
16:27:29,324  INFO HbmBinder:300 - Mapping class: org.digijava.module.aim.dbentity.AmpRegion -> AMP_REGION
16:27:29,331  INFO Configuration:591 - Reading mappings from resource: org/digijava/module/aim/dbentity/AmpZone.hbm.xml
16:27:29,332  INFO Configuration:536 - Reading mappings from resource: org/digijava/module/aim/dbentity/AmpZone.hbm.xml
16:27:29,349  INFO HbmBinder:300 - Mapping class: org.digijava.module.aim.dbentity.AmpZone -> AMP_ZONE
16:27:29,373  INFO Configuration:591 - Reading mappings from resource: org/digijava/module/aim/dbentity/AmpWoreda.hbm.xml
16:27:29,374  INFO Configuration:536 - Reading mappings from resource: org/digijava/module/aim/dbentity/AmpWoreda.hbm.xml
16:27:29,386  INFO HbmBinder:300 - Mapping class: org.digijava.module.aim.dbentity.AmpWoreda -> AMP_WOREDA
16:27:29,388  INFO Configuration:591 - Reading mappings from resource: org/digijava/module/aim/dbentity/AmpComponentType.hbm.xml
16:27:29,389  INFO Configuration:536 - Reading mappings from resource: org/digijava/module/aim/dbentity/AmpComponentType.hbm.xml
16:27:29,421  INFO HbmBinder:300 - Mapping class: org.digijava.module.aim.dbentity.AmpComponentType -> AMP_COMPONENT_TYPE
16:27:29,431  INFO Configuration:591 - Reading mappings from resource: org/digijava/module/aim/dbentity/AmpComponent.hbm.xml
16:27:29,433  INFO Configuration:536 - Reading mappings from resource: org/digijava/module/aim/dbentity/AmpComponent.hbm.xml
16:27:29,456  INFO HbmBinder:300 - Mapping class: org.digijava.module.aim.dbentity.AmpComponent -> AMP_COMPONENTS
16:27:29,457  INFO HbmBinder:1419 - Mapping collection: org.digijava.module.aim.dbentity.AmpComponent.activities -> AMP_ACTIVITY_COMPONENTS
16:27:29,459  INFO Configuration:591 - Reading mappings from resource: org/digijava/module/aim/dbentity/AmpComponentsIndicators.hbm.xml
16:27:29,459  INFO Configuration:536 - Reading mappings from resource: org/digijava/module/aim/dbentity/AmpComponentsIndicators.hbm.xml
16:27:29,469  INFO HbmBinder:300 - Mapping class: org.digijava.module.aim.dbentity.AmpComponentsIndicators -> AMP_COMPONENTS_INDICATORS
16:27:29,471  INFO Configuration:591 - Reading mappings from resource: org/digijava/module/aim/dbentity/AmpActivityClosingDates.hbm.xml
16:27:29,472  INFO Configuration:536 - Reading mappings from resource: org/digijava/module/aim/dbentity/AmpActivityClosingDates.hbm.xml
16:27:29,484  INFO HbmBinder:300 - Mapping class: org.digijava.module.aim.dbentity.AmpActivityClosingDates -> AMP_ACTIVITY_CLOSING_DATES
16:27:29,505  INFO Configuration:591 - Reading mappings from resource: org/digijava/module/aim/dbentity/AmpOrgType.hbm.xml
16:27:29,505  INFO Configuration:536 - Reading mappings from resource: org/digijava/module/aim/dbentity/AmpOrgType.hbm.xml
16:27:29,515  INFO HbmBinder:300 - Mapping class: org.digijava.module.aim.dbentity.AmpOrgType -> AMP_ORG_TYPE
16:27:29,517  INFO Configuration:591 - Reading mappings from resource: org/digijava/module/aim/dbentity/AmpOrgGroup.hbm.xml
16:27:29,518  INFO Configuration:536 - Reading mappings from resource: org/digijava/module/aim/dbentity/AmpOrgGroup.hbm.xml
16:27:29,530  INFO HbmBinder:300 - Mapping class: org.digijava.module.aim.dbentity.AmpOrgGroup -> AMP_ORG_GROUP
16:27:29,533  INFO Configuration:591 - Reading mappings from resource: org/digijava/module/aim/dbentity/AmpField.hbm.xml
16:27:29,534  INFO Configuration:536 - Reading mappings from resource: org/digijava/module/aim/dbentity/AmpField.hbm.xml
16:27:29,544  INFO HbmBinder:300 - Mapping class: org.digijava.module.aim.dbentity.AmpField -> AMP_FIELD
16:27:29,558  INFO Configuration:591 - Reading mappings from resource: org/digijava/module/aim/dbentity/AmpComments.hbm.xml
16:27:29,561  INFO Configuration:536 - Reading mappings from resource: org/digijava/module/aim/dbentity/AmpComments.hbm.xml
16:27:29,571  INFO HbmBinder:300 - Mapping class: org.digijava.module.aim.dbentity.AmpComments -> AMP_COMMENTS
16:27:29,610  INFO Configuration:591 - Reading mappings from resource: org/digijava/module/aim/dbentity/AmpPhysicalComponentReport.hbm.xml
16:27:29,611  INFO Configuration:536 - Reading mappings from resource: org/digijava/module/aim/dbentity/AmpPhysicalComponentReport.hbm.xml
16:27:29,632  INFO HbmBinder:300 - Mapping class: org.digijava.module.aim.dbentity.AmpPhysicalComponentReport -> AMP_PHYSICAL_COMPONENT_REPORT
16:27:29,634  INFO Configuration:591 - Reading mappings from resource: org/digijava/module/aim/dbentity/AmpTeamPageFilters.hbm.xml
16:27:29,636  INFO Configuration:536 - Reading mappings from resource: org/digijava/module/aim/dbentity/AmpTeamPageFilters.hbm.xml
16:27:29,645  INFO HbmBinder:300 - Mapping class: org.digijava.module.aim.dbentity.AmpTeamPageFilters -> AMP_TEAM_PAGE_FILTERS
16:27:29,647  INFO Configuration:591 - Reading mappings from resource: org/digijava/module/aim/dbentity/AmpOrgRole.hbm.xml
16:27:29,647  INFO Configuration:536 - Reading mappings from resource: org/digijava/module/aim/dbentity/AmpOrgRole.hbm.xml
16:27:29,659  INFO HbmBinder:300 - Mapping class: org.digijava.module.aim.dbentity.AmpOrgRole -> AMP_ORG_ROLE
16:27:29,661  INFO Configuration:591 - Reading mappings from resource: org/digijava/module/aim/dbentity/AmpColumns.hbm.xml
16:27:29,662  INFO Configuration:536 - Reading mappings from resource: org/digijava/module/aim/dbentity/AmpColumns.hbm.xml
16:27:29,672  INFO HbmBinder:300 - Mapping class: org.digijava.module.aim.dbentity.AmpColumns -> AMP_COLUMNS
16:27:29,678  INFO Configuration:591 - Reading mappings from resource: org/digijava/module/aim/dbentity/AmpColumnsFilters.hbm.xml
16:27:29,679  INFO Configuration:536 - Reading mappings from resource: org/digijava/module/aim/dbentity/AmpColumnsFilters.hbm.xml
16:27:29,688  INFO HbmBinder:300 - Mapping class: org.digijava.module.aim.dbentity.AmpColumnsFilters -> AMP_COLUMNS_FILTERS
16:27:29,691  INFO Configuration:591 - Reading mappings from resource: org/digijava/module/aim/dbentity/AmpColumnsOrder.hbm.xml
16:27:29,692  INFO Configuration:536 - Reading mappings from resource: org/digijava/module/aim/dbentity/AmpColumnsOrder.hbm.xml
16:27:29,702  INFO HbmBinder:300 - Mapping class: org.digijava.module.aim.dbentity.AmpColumnsOrder -> AMP_COLUMNS_ORDER
16:27:29,710  INFO Configuration:591 - Reading mappings from resource: org/digijava/module/aim/dbentity/AmpMeasures.hbm.xml
16:27:29,710  INFO Configuration:536 - Reading mappings from resource: org/digijava/module/aim/dbentity/AmpMeasures.hbm.xml
16:27:29,720  INFO HbmBinder:300 - Mapping class: org.digijava.module.aim.dbentity.AmpMeasures -> AMP_MEASURES
16:27:29,720  INFO HbmBinder:1419 - Mapping collection: org.digijava.module.aim.dbentity.AmpMeasures.reports -> AMP_REPORT_MEASURES
16:27:29,723  INFO Configuration:591 - Reading mappings from resource: org/digijava/module/aim/dbentity/AmpIssues.hbm.xml
16:27:29,724  INFO Configuration:536 - Reading mappings from resource: org/digijava/module/aim/dbentity/AmpIssues.hbm.xml
16:27:29,735  INFO HbmBinder:300 - Mapping class: org.digijava.module.aim.dbentity.AmpIssues -> AMP_ISSUES
16:27:29,737  INFO Configuration:591 - Reading mappings from resource: org/digijava/module/aim/dbentity/AmpMeasure.hbm.xml
16:27:29,741  INFO Configuration:536 - Reading mappings from resource: org/digijava/module/aim/dbentity/AmpMeasure.hbm.xml
16:27:29,751  INFO HbmBinder:300 - Mapping class: org.digijava.module.aim.dbentity.AmpMeasure -> AMP_MEASURE
16:27:29,752  INFO Configuration:591 - Reading mappings from resource: org/digijava/module/aim/dbentity/AmpActor.hbm.xml
16:27:29,753  INFO Configuration:536 - Reading mappings from resource: org/digijava/module/aim/dbentity/AmpActor.hbm.xml
16:27:29,762  INFO HbmBinder:300 - Mapping class: org.digijava.module.aim.dbentity.AmpActor -> AMP_ACTOR
16:27:29,790  INFO Configuration:591 - Reading mappings from resource: org/digijava/module/aim/dbentity/AmpComponentFunding.hbm.xml
16:27:29,791  INFO Configuration:536 - Reading mappings from resource: org/digijava/module/aim/dbentity/AmpComponentFunding.hbm.xml
16:27:29,802  INFO HbmBinder:300 - Mapping class: org.digijava.module.aim.dbentity.AmpComponentFunding -> AMP_COMPONENT_FUNDING
16:27:29,810  INFO Configuration:591 - Reading mappings from resource: org/digijava/module/aim/dbentity/AmpRegionalFunding.hbm.xml
16:27:29,811  INFO Configuration:536 - Reading mappings from resource: org/digijava/module/aim/dbentity/AmpRegionalFunding.hbm.xml
16:27:29,822  INFO HbmBinder:300 - Mapping class: org.digijava.module.aim.dbentity.AmpRegionalFunding -> AMP_REGIONAL_FUNDING
16:27:29,824  INFO Configuration:591 - Reading mappings from resource: org/digijava/module/aim/dbentity/AmpReportPhysicalPerformance.hbm.xml
16:27:29,825  INFO Configuration:536 - Reading mappings from resource: org/digijava/module/aim/dbentity/AmpReportPhysicalPerformance.hbm.xml
16:27:29,837  INFO HbmBinder:300 - Mapping class: org.digijava.module.aim.dbentity.AmpReportPhysicalPerformance -> AMP_REPORT_PHYSICAL_PERFORMANCE
16:27:29,839  INFO Configuration:591 - Reading mappings from resource: org/digijava/module/aim/dbentity/AmpReportsOptions.hbm.xml
16:27:29,840  INFO Configuration:536 - Reading mappings from resource: org/digijava/module/aim/dbentity/AmpReportsOptions.hbm.xml
16:27:29,850  INFO HbmBinder:300 - Mapping class: org.digijava.module.aim.dbentity.AmpReportsOptions -> AMP_REPORTS_OPTIONS
16:27:29,853  INFO Configuration:591 - Reading mappings from resource: org/digijava/module/aim/dbentity/AmpIndicatorRiskRatings.hbm.xml
16:27:29,854  INFO Configuration:536 - Reading mappings from resource: org/digijava/module/aim/dbentity/AmpIndicatorRiskRatings.hbm.xml
16:27:29,864  INFO HbmBinder:300 - Mapping class: org.digijava.module.aim.dbentity.AmpIndicatorRiskRatings -> AMP_INDICATOR_RISK_RATINGS
16:27:29,866  INFO Configuration:591 - Reading mappings from resource: org/digijava/module/aim/dbentity/AmpAhsurvey.hbm.xml
16:27:29,866  INFO Configuration:536 - Reading mappings from resource: org/digijava/module/aim/dbentity/AmpAhsurvey.hbm.xml
16:27:29,877  INFO HbmBinder:300 - Mapping class: org.digijava.module.aim.dbentity.AmpAhsurvey -> AMP_AHSURVEY
16:27:29,882  INFO Configuration:591 - Reading mappings from resource: org/digijava/module/aim/dbentity/AmpAhsurveyIndicator.hbm.xml
16:27:29,883  INFO Configuration:536 - Reading mappings from resource: org/digijava/module/aim/dbentity/AmpAhsurveyIndicator.hbm.xml
16:27:29,895  INFO HbmBinder:300 - Mapping class: org.digijava.module.aim.dbentity.AmpAhsurveyIndicator -> AMP_AHSURVEY_INDICATOR
16:27:29,898  INFO Configuration:591 - Reading mappings from resource: org/digijava/module/aim/dbentity/AmpAhsurveyQuestion.hbm.xml
16:27:29,899  INFO Configuration:536 - Reading mappings from resource: org/digijava/module/aim/dbentity/AmpAhsurveyQuestion.hbm.xml
16:27:29,909  INFO HbmBinder:300 - Mapping class: org.digijava.module.aim.dbentity.AmpAhsurveyQuestion -> AMP_AHSURVEY_QUESTION
16:27:29,911  INFO Configuration:591 - Reading mappings from resource: org/digijava/module/aim/dbentity/AmpAhsurveyResponse.hbm.xml
16:27:29,912  INFO Configuration:536 - Reading mappings from resource: org/digijava/module/aim/dbentity/AmpAhsurveyResponse.hbm.xml
16:27:29,922  INFO HbmBinder:300 - Mapping class: org.digijava.module.aim.dbentity.AmpAhsurveyResponse -> AMP_AHSURVEY_RESPONSE
16:27:29,924  INFO Configuration:591 - Reading mappings from resource: org/digijava/module/aim/dbentity/AmpAhsurveyQuestionType.hbm.xml
16:27:29,927  INFO Configuration:536 - Reading mappings from resource: org/digijava/module/aim/dbentity/AmpAhsurveyQuestionType.hbm.xml
16:27:29,937  INFO HbmBinder:300 - Mapping class: org.digijava.module.aim.dbentity.AmpAhsurveyQuestionType -> AMP_AHSURVEY_QUESTION_TYPE
16:27:29,939  INFO Configuration:591 - Reading mappings from resource: org/digijava/module/aim/dbentity/AmpFeature.hbm.xml
16:27:29,941  INFO Configuration:536 - Reading mappings from resource: org/digijava/module/aim/dbentity/AmpFeature.hbm.xml
16:27:29,964  INFO HbmBinder:300 - Mapping class: org.digijava.module.aim.dbentity.AmpFeature -> AMP_FEATURE
16:27:29,966  INFO HbmBinder:1419 - Mapping collection: org.digijava.module.aim.dbentity.AmpFeature.templates -> amp_template_features
16:27:29,967  INFO Configuration:591 - Reading mappings from resource: org/digijava/module/aim/dbentity/AmpSiteFlag.hbm.xml
16:27:29,968  INFO Configuration:536 - Reading mappings from resource: org/digijava/module/aim/dbentity/AmpSiteFlag.hbm.xml
16:27:29,998  INFO HbmBinder:300 - Mapping class: org.digijava.module.aim.dbentity.AmpSiteFlag -> AMP_SITE_FLAGS
16:27:30,000  INFO Configuration:591 - Reading mappings from resource: org/digijava/module/aim/dbentity/AmpExternalMapping.hbm.xml
16:27:30,001  INFO Configuration:536 - Reading mappings from resource: org/digijava/module/aim/dbentity/AmpExternalMapping.hbm.xml
16:27:30,011  INFO HbmBinder:300 - Mapping class: org.digijava.module.aim.dbentity.AmpExternalMapping -> AMP_EXTERNAL_MAPPING
16:27:30,013  INFO Configuration:591 - Reading mappings from resource: org/digijava/module/aim/dbentity/AmpGlobalSettings.hbm.xml
16:27:30,014  INFO Configuration:536 - Reading mappings from resource: org/digijava/module/aim/dbentity/AmpGlobalSettings.hbm.xml
16:27:30,027  INFO HbmBinder:300 - Mapping class: org.digijava.module.aim.dbentity.AmpGlobalSettings -> AMP_GLOBAL_SETTINGS
16:27:30,034 ERROR HibernateClassLoader:173 - Error loading Hibernate class org.digijava.module.aim.dbentity.AmpProgramType
16:27:30,036  INFO Configuration:591 - Reading mappings from resource: org/digijava/module/aim/dbentity/EUActivity.hbm.xml
16:27:30,037  INFO Configuration:536 - Reading mappings from resource: org/digijava/module/aim/dbentity/EUActivity.hbm.xml
16:27:30,048  INFO HbmBinder:300 - Mapping class: org.digijava.module.aim.dbentity.EUActivity -> AMP_EU_ACTIVITY
16:27:30,052  INFO Configuration:591 - Reading mappings from resource: org/digijava/module/aim/dbentity/EUActivityContribution.hbm.xml
16:27:30,052  INFO Configuration:536 - Reading mappings from resource: org/digijava/module/aim/dbentity/EUActivityContribution.hbm.xml
16:27:30,063  INFO HbmBinder:300 - Mapping class: org.digijava.module.aim.dbentity.EUActivityContribution -> AMP_EU_ACTIVITY_CONTRIBUTIONS
16:27:30,065  INFO Configuration:591 - Reading mappings from resource: org/digijava/module/aim/dbentity/FeatureTemplates.hbm.xml
16:27:30,066  INFO Configuration:536 - Reading mappings from resource: org/digijava/module/aim/dbentity/FeatureTemplates.hbm.xml
16:27:30,078  INFO HbmBinder:300 - Mapping class: org.digijava.module.aim.dbentity.FeatureTemplates -> AMP_FEATURE_TEMPLATES
16:27:30,080  INFO HbmBinder:1419 - Mapping collection: org.digijava.module.aim.dbentity.FeatureTemplates.features -> amp_template_features
16:27:30,081  INFO Configuration:591 - Reading mappings from resource: org/digijava/module/aim/dbentity/NpdSettings.hbm.xml
16:27:30,082  INFO Configuration:536 - Reading mappings from resource: org/digijava/module/aim/dbentity/NpdSettings.hbm.xml
16:27:30,094  INFO HbmBinder:300 - Mapping class: org.digijava.module.aim.dbentity.NpdSettings -> AMP_NpdSettings
16:27:30,097  INFO Configuration:591 - Reading mappings from resource: org/digijava/module/aim/dbentity/AmpActivityReferenceDoc.hbm.xml
16:27:30,098  INFO Configuration:536 - Reading mappings from resource: org/digijava/module/aim/dbentity/AmpActivityReferenceDoc.hbm.xml
16:27:30,110  INFO HbmBinder:300 - Mapping class: org.digijava.module.aim.dbentity.AmpActivityReferenceDoc -> AMP_ACTIVITY_REFERENCEDOC
16:27:30,112  INFO Configuration:591 - Reading mappings from resource: org/digijava/module/aim/dbentity/AmpActivityDocument.hbm.xml
16:27:30,113  INFO Configuration:536 - Reading mappings from resource: org/digijava/module/aim/dbentity/AmpActivityDocument.hbm.xml
16:27:30,124  INFO HbmBinder:300 - Mapping class: org.digijava.module.aim.dbentity.AmpActivityDocument -> AMP_ACTIVITY_DOCUMENT
16:27:30,126  INFO Configuration:591 - Reading mappings from resource: org/digijava/module/aim/dbentity/AmpOrganisationDocument.hbm.xml
16:27:30,126  INFO Configuration:536 - Reading mappings from resource: org/digijava/module/aim/dbentity/AmpOrganisationDocument.hbm.xml
16:27:30,137  INFO HbmBinder:300 - Mapping class: org.digijava.module.aim.dbentity.AmpOrganisationDocument -> AMP_ORGANISATION_DOCUMENT
16:27:30,152  INFO Configuration:591 - Reading mappings from resource: org/digijava/module/aim/dbentity/AmpIndicator.hbm.xml
16:27:30,154  INFO Configuration:536 - Reading mappings from resource: org/digijava/module/aim/dbentity/AmpIndicator.hbm.xml
16:27:30,165  INFO HbmBinder:300 - Mapping class: org.digijava.module.aim.dbentity.AmpIndicator -> AMP_INDICATOR
16:27:30,201  INFO HbmBinder:1419 - Mapping collection: org.digijava.module.aim.dbentity.AmpIndicator.sectors -> AMP_SECTOR_INDICATOR
16:27:30,203  INFO Configuration:591 - Reading mappings from resource: org/digijava/module/aim/dbentity/AmpActivityProgramSettings.hbm.xml
16:27:30,204  INFO Configuration:536 - Reading mappings from resource: org/digijava/module/aim/dbentity/AmpActivityProgramSettings.hbm.xml
16:27:30,214  INFO HbmBinder:300 - Mapping class: org.digijava.module.aim.dbentity.AmpActivityProgramSettings -> AMP_PROGRAM_SETTINGS
16:27:30,216  INFO Configuration:591 - Reading mappings from resource: org/digijava/module/aim/dbentity/AmpActivityProgram.hbm.xml
16:27:30,218  INFO Configuration:536 - Reading mappings from resource: org/digijava/module/aim/dbentity/AmpActivityProgram.hbm.xml
16:27:30,228  INFO HbmBinder:300 - Mapping class: org.digijava.module.aim.dbentity.AmpActivityProgram -> AMP_ACTIVITY_PROGRAM
16:27:30,231  INFO Configuration:591 - Reading mappings from resource: org/digijava/module/aim/dbentity/AmpActivityLocation.hbm.xml
16:27:30,231  INFO Configuration:536 - Reading mappings from resource: org/digijava/module/aim/dbentity/AmpActivityLocation.hbm.xml
16:27:30,244  INFO HbmBinder:300 - Mapping class: org.digijava.module.aim.dbentity.AmpActivityLocation -> AMP_ACTIVITY_LOCATION
16:27:30,245  INFO Configuration:591 - Reading mappings from resource: org/digijava/module/aim/dbentity/AmpActivityComponente.hbm.xml
16:27:30,247  INFO Configuration:536 - Reading mappings from resource: org/digijava/module/aim/dbentity/AmpActivityComponente.hbm.xml
16:27:30,258  INFO HbmBinder:300 - Mapping class: org.digijava.module.aim.dbentity.AmpActivityComponente -> AMP_ACTIVITY_COMPONENTE
16:27:30,260  INFO Configuration:591 - Reading mappings from resource: org/digijava/module/aim/dbentity/AmpUserExtension.hbm.xml
16:27:30,261  INFO Configuration:536 - Reading mappings from resource: org/digijava/module/aim/dbentity/AmpUserExtension.hbm.xml
16:27:30,275  INFO HbmBinder:300 - Mapping class: org.digijava.module.aim.dbentity.AmpUserExtension -> AMP_USER_EXT
16:27:30,293  INFO Configuration:591 - Reading mappings from resource: org/digijava/module/aim/dbentity/IPAContract.hbm.xml
16:27:30,295  INFO Configuration:536 - Reading mappings from resource: org/digijava/module/aim/dbentity/IPAContract.hbm.xml
16:27:30,352  INFO HbmBinder:300 - Mapping class: org.digijava.module.aim.dbentity.IPAContract -> IPA_CONTRACT
16:27:30,354  INFO HbmBinder:1419 - Mapping collection: org.digijava.module.aim.dbentity.IPAContract.organizations -> amp_ipa_contracting_organizations
16:27:30,356  INFO Configuration:591 - Reading mappings from resource: org/digijava/module/aim/dbentity/IPAContractDisbursement.hbm.xml
16:27:30,357  INFO Configuration:536 - Reading mappings from resource: org/digijava/module/aim/dbentity/IPAContractDisbursement.hbm.xml
16:27:30,369  INFO HbmBinder:300 - Mapping class: org.digijava.module.aim.dbentity.IPAContractDisbursement -> IPA_CONTRACT_DISBURSEMENT
16:27:30,371  INFO Configuration:591 - Reading mappings from resource: org/digijava/module/aim/dbentity/AmpIndicatorValue.hbm.xml
16:27:30,372  INFO Configuration:536 - Reading mappings from resource: org/digijava/module/aim/dbentity/AmpIndicatorValue.hbm.xml
16:27:30,381  INFO HbmBinder:300 - Mapping class: org.digijava.module.aim.dbentity.AmpIndicatorValue -> AMP_INDICATOR_VALUES
16:27:30,383  INFO Configuration:591 - Reading mappings from resource: org/digijava/module/aim/dbentity/IndicatorConnection.hbm.xml
16:27:30,384  INFO Configuration:536 - Reading mappings from resource: org/digijava/module/aim/dbentity/IndicatorConnection.hbm.xml
16:27:30,394  INFO HbmBinder:300 - Mapping class: org.digijava.module.aim.dbentity.IndicatorConnection -> AMP_INDICATOR_CONNECTION
16:27:30,483  INFO HbmBinder:814 - Mapping subclass: org.digijava.module.aim.dbentity.IndicatorTheme -> AMP_INDICATOR_CONNECTION
16:27:30,486  INFO HbmBinder:814 - Mapping subclass: org.digijava.module.aim.dbentity.IndicatorActivity -> AMP_INDICATOR_CONNECTION
16:27:30,487  INFO HbmBinder:814 - Mapping subclass: org.digijava.module.aim.dbentity.IndicatorSector -> AMP_INDICATOR_CONNECTION
16:27:30,488  INFO Configuration:591 - Reading mappings from resource: org/digijava/module/aim/dbentity/IndicatorActivity.hbm.xml
16:27:30,489  INFO Configuration:536 - Reading mappings from resource: org/digijava/module/aim/dbentity/IndicatorActivity.hbm.xml
16:27:30,499 ERROR HibernateClassLoader:173 - Error loading Hibernate class org.digijava.module.aim.dbentity.IndicatorActivity
16:27:30,501  INFO Configuration:591 - Reading mappings from resource: org/digijava/module/aim/dbentity/IndicatorTheme.hbm.xml
16:27:30,502  INFO Configuration:536 - Reading mappings from resource: org/digijava/module/aim/dbentity/IndicatorTheme.hbm.xml
16:27:30,507 ERROR HibernateClassLoader:173 - Error loading Hibernate class org.digijava.module.aim.dbentity.IndicatorTheme
16:27:30,509  INFO Configuration:591 - Reading mappings from resource: org/digijava/module/aim/dbentity/IndicatorSector.hbm.xml
16:27:30,513  INFO Configuration:536 - Reading mappings from resource: org/digijava/module/aim/dbentity/IndicatorSector.hbm.xml
16:27:30,519 ERROR HibernateClassLoader:173 - Error loading Hibernate class org.digijava.module.aim.dbentity.IndicatorSector
16:27:30,521  INFO Configuration:591 - Reading mappings from resource: org/digijava/module/aim/dbentity/AmpClassificationConfiguration.hbm.xml
16:27:30,522  INFO Configuration:536 - Reading mappings from resource: org/digijava/module/aim/dbentity/AmpClassificationConfiguration.hbm.xml
16:27:30,532  INFO HbmBinder:300 - Mapping class: org.digijava.module.aim.dbentity.AmpClassificationConfiguration -> AMP_CLASSIFICATION_CONFIG
16:27:30,555  INFO Configuration:591 - Reading mappings from resource: org/digijava/module/aim/dbentity/AmpCategoryValueLocations.hbm.xml
16:27:30,556  INFO Configuration:536 - Reading mappings from resource: org/digijava/module/aim/dbentity/AmpCategoryValueLocations.hbm.xml
16:27:30,567  INFO HbmBinder:300 - Mapping class: org.digijava.module.aim.dbentity.AmpCategoryValueLocations -> AMP_CATEGORY_VALUE_LOCATION
16:27:30,571  INFO Configuration:591 - Reading mappings from resource: org/digijava/module/aim/dbentity/AmpDesktopTabSelection.hbm.xml
16:27:30,572  INFO Configuration:536 - Reading mappings from resource: org/digijava/module/aim/dbentity/AmpDesktopTabSelection.hbm.xml
16:27:30,634  INFO HbmBinder:300 - Mapping class: org.digijava.module.aim.dbentity.AmpDesktopTabSelection -> AMP_DESKTOP_TAB_SELECTION
16:27:30,640  INFO Configuration:591 - Reading mappings from resource: org/digijava/module/aim/dbentity/CMSContentItem.hbm.xml
16:27:30,641  INFO Configuration:536 - Reading mappings from resource: org/digijava/module/aim/dbentity/CMSContentItem.hbm.xml
16:27:30,653  INFO HbmBinder:300 - Mapping class: org.digijava.module.aim.dbentity.CMSContentItem -> DG_CMS_CONTENT_ITEM
16:27:30,673  INFO Configuration:591 - Reading mappings from resource: org/dgfoundation/amp/ar/dbentity/AmpFilterData.hbm.xml
16:27:30,674  INFO Configuration:536 - Reading mappings from resource: org/dgfoundation/amp/ar/dbentity/AmpFilterData.hbm.xml
16:27:30,684  INFO HbmBinder:300 - Mapping class: org.dgfoundation.amp.ar.dbentity.AmpFilterData -> AMP_FILTER_DATA
16:27:30,687  INFO Configuration:591 - Reading mappings from resource: org/digijava/module/sdm/dbentity/Sdm.hbm.xml
16:27:30,687  INFO Configuration:536 - Reading mappings from resource: org/digijava/module/sdm/dbentity/Sdm.hbm.xml
16:27:30,698  INFO HbmBinder:300 - Mapping class: org.digijava.module.sdm.dbentity.Sdm -> DG_SDM
16:27:30,710  INFO Configuration:591 - Reading mappings from resource: org/digijava/module/sdm/dbentity/SdmItem.hbm.xml
16:27:30,711  INFO Configuration:536 - Reading mappings from resource: org/digijava/module/sdm/dbentity/SdmItem.hbm.xml
16:27:30,724  INFO HbmBinder:300 - Mapping class: org.digijava.module.sdm.dbentity.SdmItem -> DG_SDM_ITEM
16:27:30,726  INFO Configuration:591 - Reading mappings from resource: org/digijava/module/message/dbentity/AmpMessage.hbm.xml
16:27:30,727  INFO Configuration:536 - Reading mappings from resource: org/digijava/module/message/dbentity/AmpMessage.hbm.xml
16:27:30,740  INFO HbmBinder:300 - Mapping class: org.digijava.module.message.dbentity.AmpMessage -> AMP_MESSAGE
16:27:30,742  INFO HbmBinder:814 - Mapping subclass: org.digijava.module.message.dbentity.AmpAlert -> AMP_MESSAGE
16:27:30,742  INFO HbmBinder:814 - Mapping subclass: org.digijava.module.message.dbentity.CalendarEvent -> AMP_MESSAGE
16:27:30,743  INFO HbmBinder:814 - Mapping subclass: org.digijava.module.message.dbentity.Approval -> AMP_MESSAGE
16:27:30,774  INFO HbmBinder:814 - Mapping subclass: org.digijava.module.message.dbentity.UserMessage -> AMP_MESSAGE
16:27:30,775  INFO HbmBinder:814 - Mapping subclass: org.digijava.module.message.dbentity.TemplateAlert -> AMP_MESSAGE
16:27:30,777  INFO Configuration:591 - Reading mappings from resource: org/digijava/module/message/dbentity/AmpAlert.hbm.xml
16:27:30,777  INFO Configuration:536 - Reading mappings from resource: org/digijava/module/message/dbentity/AmpAlert.hbm.xml
16:27:30,782 ERROR HibernateClassLoader:173 - Error loading Hibernate class org.digijava.module.message.dbentity.AmpAlert
16:27:30,784  INFO Configuration:591 - Reading mappings from resource: org/digijava/module/message/dbentity/CalendarEvent.hbm.xml
16:27:30,784  INFO Configuration:536 - Reading mappings from resource: org/digijava/module/message/dbentity/CalendarEvent.hbm.xml
16:27:30,790 ERROR HibernateClassLoader:173 - Error loading Hibernate class org.digijava.module.message.dbentity.CalendarEvent
16:27:30,792  INFO Configuration:591 - Reading mappings from resource: org/digijava/module/message/dbentity/AmpMessageState.hbm.xml
16:27:30,793  INFO Configuration:536 - Reading mappings from resource: org/digijava/module/message/dbentity/AmpMessageState.hbm.xml
16:27:30,803  INFO HbmBinder:300 - Mapping class: org.digijava.module.message.dbentity.AmpMessageState -> AMP_MESSAGE_STATE
16:27:30,805  INFO Configuration:591 - Reading mappings from resource: org/digijava/module/message/dbentity/Approval.hbm.xml
16:27:30,806  INFO Configuration:536 - Reading mappings from resource: org/digijava/module/message/dbentity/Approval.hbm.xml
16:27:30,811 ERROR HibernateClassLoader:173 - Error loading Hibernate class org.digijava.module.message.dbentity.Approval
16:27:30,812  INFO Configuration:591 - Reading mappings from resource: org/digijava/module/message/dbentity/UserMessage.hbm.xml
16:27:30,813  INFO Configuration:536 - Reading mappings from resource: org/digijava/module/message/dbentity/UserMessage.hbm.xml
16:27:30,819 ERROR HibernateClassLoader:173 - Error loading Hibernate class org.digijava.module.message.dbentity.UserMessage
16:27:30,820  INFO Configuration:591 - Reading mappings from resource: org/digijava/module/message/dbentity/TemplateAlert.hbm.xml
16:27:30,821  INFO Configuration:536 - Reading mappings from resource: org/digijava/module/message/dbentity/TemplateAlert.hbm.xml
16:27:30,826 ERROR HibernateClassLoader:173 - Error loading Hibernate class org.digijava.module.message.dbentity.TemplateAlert
16:27:30,827  INFO Configuration:591 - Reading mappings from resource: org/digijava/module/message/dbentity/AmpMessageSettings.hbm.xml
16:27:30,828  INFO Configuration:536 - Reading mappings from resource: org/digijava/module/message/dbentity/AmpMessageSettings.hbm.xml
16:27:30,837  INFO HbmBinder:300 - Mapping class: org.digijava.module.message.dbentity.AmpMessageSettings -> AMP_MESSAGE_SETTINGS
16:27:30,839  INFO Configuration:591 - Reading mappings from resource: org/digijava/module/message/dbentity/AmpQuartzJobClass.hbm.xml
16:27:30,840  INFO Configuration:536 - Reading mappings from resource: org/digijava/module/message/dbentity/AmpQuartzJobClass.hbm.xml
16:27:30,859  INFO HbmBinder:300 - Mapping class: org.digijava.module.message.dbentity.AmpQuartzJobClass -> AMP_QUARTZ_JOB_CLASS
16:27:30,860  WARN HibernateClassLoader:105 - No hibernate classes for module translate
16:27:30,862  INFO Configuration:591 - Reading mappings from resource: org/digijava/module/editor/dbentity/Editor.hbm.xml
16:27:30,863  INFO Configuration:536 - Reading mappings from resource: org/digijava/module/editor/dbentity/Editor.hbm.xml
16:27:30,892  INFO HbmBinder:300 - Mapping class: org.digijava.module.editor.dbentity.Editor -> DG_EDITOR
16:27:30,894  INFO Configuration:591 - Reading mappings from resource: org/digijava/module/um/dbentity/ResetPassword.hbm.xml
16:27:30,895  INFO Configuration:536 - Reading mappings from resource: org/digijava/module/um/dbentity/ResetPassword.hbm.xml
16:27:30,904  INFO HbmBinder:300 - Mapping class: org.digijava.module.um.dbentity.ResetPassword -> DG_RESET_PASSWORD
16:27:30,906  INFO Configuration:591 - Reading mappings from resource: org/digijava/module/help/dbentity/HelpTopic.hbm.xml
16:27:30,907  INFO Configuration:536 - Reading mappings from resource: org/digijava/module/help/dbentity/HelpTopic.hbm.xml
16:27:30,916  INFO HbmBinder:300 - Mapping class: org.digijava.module.help.dbentity.HelpTopic -> HELP_HELP_TOPICS
16:27:30,922  INFO Configuration:591 - Reading mappings from resource: org/digijava/module/calendar/dbentity/Calendar.hbm.xml
16:27:30,923  INFO Configuration:536 - Reading mappings from resource: org/digijava/module/calendar/dbentity/Calendar.hbm.xml
16:27:30,933  INFO HbmBinder:300 - Mapping class: org.digijava.module.calendar.dbentity.Calendar -> DG_CALENDAR
16:27:30,935  INFO Configuration:591 - Reading mappings from resource: org/digijava/module/calendar/dbentity/CalendarItem.hbm.xml
16:27:30,936  INFO Configuration:536 - Reading mappings from resource: org/digijava/module/calendar/dbentity/CalendarItem.hbm.xml
16:27:30,945  INFO HbmBinder:300 - Mapping class: org.digijava.module.calendar.dbentity.CalendarItem -> DG_CALENDAR_ITEM
16:27:30,948  INFO Configuration:591 - Reading mappings from resource: org/digijava/module/calendar/dbentity/CalendarSettings.hbm.xml
16:27:30,949  INFO Configuration:536 - Reading mappings from resource: org/digijava/module/calendar/dbentity/CalendarSettings.hbm.xml
16:27:30,962  INFO HbmBinder:300 - Mapping class: org.digijava.module.calendar.dbentity.CalendarSettings -> DG_CALENDAR_SETTINGS
16:27:30,966  INFO Configuration:591 - Reading mappings from resource: org/digijava/module/calendar/dbentity/AmpEventType.hbm.xml
16:27:30,967  INFO Configuration:536 - Reading mappings from resource: org/digijava/module/calendar/dbentity/AmpEventType.hbm.xml
16:27:30,989  INFO HbmBinder:300 - Mapping class: org.digijava.module.calendar.dbentity.AmpEventType -> AMP_EVENT_TYPE
16:27:30,991  INFO Configuration:591 - Reading mappings from resource: org/digijava/module/calendar/dbentity/AmpCalendar.hbm.xml
16:27:30,992  INFO Configuration:536 - Reading mappings from resource: org/digijava/module/calendar/dbentity/AmpCalendar.hbm.xml
16:27:31,003  INFO HbmBinder:300 - Mapping class: org.digijava.module.calendar.dbentity.AmpCalendar -> AMP_CALENDAR
16:27:31,004  INFO HbmBinder:1419 - Mapping collection: org.digijava.module.calendar.dbentity.AmpCalendar.organisations -> AMP_CALENDAR_EVENT_ORGANISATIONS
16:27:31,006  INFO Configuration:591 - Reading mappings from resource: org/digijava/module/calendar/dbentity/AmpCalendarAttendee.hbm.xml
16:27:31,007  INFO Configuration:536 - Reading mappings from resource: org/digijava/module/calendar/dbentity/AmpCalendarAttendee.hbm.xml
16:27:31,016  INFO HbmBinder:300 - Mapping class: org.digijava.module.calendar.dbentity.AmpCalendarAttendee -> AMP_CALENDAR_ATTENDEE
16:27:31,019  INFO Configuration:591 - Reading mappings from resource: org/digijava/module/calendar/dbentity/RecurrCalEvent.hbm.xml
16:27:31,019  INFO Configuration:536 - Reading mappings from resource: org/digijava/module/calendar/dbentity/RecurrCalEvent.hbm.xml
16:27:31,029  INFO HbmBinder:300 - Mapping class: org.digijava.module.calendar.dbentity.RecurrCalEvent -> DG_RECURR_EVENT
16:27:31,043  INFO Configuration:591 - Reading mappings from resource: org/digijava/module/contentrepository/dbentity/CrDocumentNodeAttributes.hbm.xml
16:27:31,043  INFO Configuration:536 - Reading mappings from resource: org/digijava/module/contentrepository/dbentity/CrDocumentNodeAttributes.hbm.xml
16:27:31,053  INFO HbmBinder:300 - Mapping class: org.digijava.module.contentrepository.dbentity.CrDocumentNodeAttributes -> CR_DOCUMENT_NODE_ATTRIBUTES
16:27:31,055  INFO Configuration:591 - Reading mappings from resource: org/digijava/module/autopatcher/core/PatchFile.hbm.xml
16:27:31,055  INFO Configuration:536 - Reading mappings from resource: org/digijava/module/autopatcher/core/PatchFile.hbm.xml
16:27:31,064  INFO HbmBinder:300 - Mapping class: org.digijava.module.autopatcher.core.PatchFile -> PATCH_FILE
16:27:31,083  INFO Configuration:591 - Reading mappings from resource: org/digijava/module/gateperm/core/Permission.hbm.xml
16:27:31,085  INFO Configuration:536 - Reading mappings from resource: org/digijava/module/gateperm/core/Permission.hbm.xml
16:27:31,099  INFO HbmBinder:300 - Mapping class: org.digijava.module.gateperm.core.Permission -> PERM_PERMISSION
16:27:31,100  INFO HbmBinder:1419 - Mapping collection: org.digijava.module.gateperm.core.Permission.compositeLinkedPermissions -> PERM_COMP_PERMISSION_MAP
16:27:31,109  INFO HbmBinder:873 - Mapping joined-subclass: org.digijava.module.gateperm.core.GatePermission -> PERM_GATE_PERMISSION
16:27:31,112  INFO HbmBinder:1419 - Mapping collection: org.digijava.module.gateperm.core.GatePermission.gateParameters -> PERM_GATE_PARAMETER
16:27:31,114  INFO HbmBinder:1419 - Mapping collection: org.digijava.module.gateperm.core.GatePermission.actions -> PERM_GATE_ACTION
16:27:31,115  INFO HbmBinder:873 - Mapping joined-subclass: org.digijava.module.gateperm.core.CompositePermission -> PERM_COMP_PERMISSION
16:27:31,115  INFO HbmBinder:1419 - Mapping collection: org.digijava.module.gateperm.core.CompositePermission.permissions -> PERM_COMP_PERMISSION_MAP
16:27:31,119  INFO Configuration:591 - Reading mappings from resource: org/digijava/module/gateperm/core/PermissionMap.hbm.xml
16:27:31,120  INFO Configuration:536 - Reading mappings from resource: org/digijava/module/gateperm/core/PermissionMap.hbm.xml
16:27:31,131  INFO HbmBinder:300 - Mapping class: org.digijava.module.gateperm.core.PermissionMap -> PERM_MAP
16:27:31,132  INFO Configuration:591 - Reading mappings from resource: org/digijava/module/widget/dbentity/AmpWidget.hbm.xml
16:27:31,138  INFO Configuration:536 - Reading mappings from resource: org/digijava/module/widget/dbentity/AmpWidget.hbm.xml
16:27:31,154  INFO HbmBinder:300 - Mapping class: org.digijava.module.widget.dbentity.AmpWidget -> AMP_WIDGET
16:27:31,155  INFO HbmBinder:814 - Mapping subclass: org.digijava.module.widget.dbentity.AmpWidgetIndicatorChart -> AMP_WIDGET
16:27:31,155  INFO HbmBinder:814 - Mapping subclass: org.digijava.module.widget.dbentity.AmpWidgetOrgProfile -> AMP_WIDGET
16:27:31,156  INFO HbmBinder:814 - Mapping subclass: org.digijava.module.widget.dbentity.AmpDaTable -> AMP_WIDGET
16:27:31,157  INFO Configuration:591 - Reading mappings from resource: org/digijava/module/widget/dbentity/AmpWidgetIndicatorChart.hbm.xml
16:27:31,158  INFO Configuration:536 - Reading mappings from resource: org/digijava/module/widget/dbentity/AmpWidgetIndicatorChart.hbm.xml
16:27:31,164 ERROR HibernateClassLoader:173 - Error loading Hibernate class org.digijava.module.widget.dbentity.AmpWidgetIndicatorChart
16:27:31,166  INFO Configuration:591 - Reading mappings from resource: org/digijava/module/widget/dbentity/AmpDaTable.hbm.xml
16:27:31,167  INFO Configuration:536 - Reading mappings from resource: org/digijava/module/widget/dbentity/AmpDaTable.hbm.xml
16:27:31,172 ERROR HibernateClassLoader:173 - Error loading Hibernate class org.digijava.module.widget.dbentity.AmpDaTable
16:27:31,175  INFO Configuration:591 - Reading mappings from resource: org/digijava/module/widget/dbentity/AmpDaColumn.hbm.xml
16:27:31,176  INFO Configuration:536 - Reading mappings from resource: org/digijava/module/widget/dbentity/AmpDaColumn.hbm.xml
16:27:31,203  INFO HbmBinder:300 - Mapping class: org.digijava.module.widget.dbentity.AmpDaColumn -> AMP_WIDGET_COLUMN
16:27:31,204  INFO HbmBinder:814 - Mapping subclass: org.digijava.module.widget.dbentity.AmpDaColumnFilter -> AMP_WIDGET_COLUMN
16:27:31,206  INFO Configuration:591 - Reading mappings from resource: org/digijava/module/widget/dbentity/AmpDaValue.hbm.xml
16:27:31,206  INFO Configuration:536 - Reading mappings from resource: org/digijava/module/widget/dbentity/AmpDaValue.hbm.xml
16:27:31,217  INFO HbmBinder:300 - Mapping class: org.digijava.module.widget.dbentity.AmpDaValue -> AMP_WIDGET_VALUE
16:27:31,218  INFO HbmBinder:814 - Mapping subclass: org.digijava.module.widget.dbentity.AmpDaValueFiltered -> AMP_WIDGET_VALUE
16:27:31,220  INFO Configuration:591 - Reading mappings from resource: org/digijava/module/widget/dbentity/AmpDaWidgetPlace.hbm.xml
16:27:31,221  INFO Configuration:536 - Reading mappings from resource: org/digijava/module/widget/dbentity/AmpDaWidgetPlace.hbm.xml
16:27:31,231  INFO HbmBinder:300 - Mapping class: org.digijava.module.widget.dbentity.AmpDaWidgetPlace -> AMP_WIDGET_PLACE
16:27:31,232  WARN HibernateClassLoader:105 - No hibernate classes for module exception
16:27:31,233  WARN HibernateClassLoader:105 - No hibernate classes for module orgProfile
16:27:31,235  INFO Configuration:591 - Reading mappings from resource: org/digijava/module/categorymanager/dbentity/AmpCategoryClass.hbm.xml
16:27:31,235  INFO Configuration:536 - Reading mappings from resource: org/digijava/module/categorymanager/dbentity/AmpCategoryClass.hbm.xml
16:27:31,245  INFO HbmBinder:300 - Mapping class: org.digijava.module.categorymanager.dbentity.AmpCategoryClass -> AMP_CATEGORY_CLASS
16:27:31,247  INFO Configuration:591 - Reading mappings from resource: org/digijava/module/categorymanager/dbentity/AmpCategoryValue.hbm.xml
16:27:31,248  INFO Configuration:536 - Reading mappings from resource: org/digijava/module/categorymanager/dbentity/AmpCategoryValue.hbm.xml
16:27:31,257  INFO HbmBinder:300 - Mapping class: org.digijava.module.categorymanager.dbentity.AmpCategoryValue -> AMP_CATEGORY_VALUE
16:27:31,259  INFO HbmBinder:1419 - Mapping collection: org.digijava.module.categorymanager.dbentity.AmpCategoryValue.activities -> AMP_ACTIVITIES_CATEGORYVALUES
16:27:31,261  INFO Configuration:591 - Reading mappings from resource: org/digijava/module/gis/dbentity/GisMap.hbm.xml
16:27:31,262  INFO Configuration:536 - Reading mappings from resource: org/digijava/module/gis/dbentity/GisMap.hbm.xml
16:27:31,271  INFO HbmBinder:300 - Mapping class: org.digijava.module.gis.dbentity.GisMap -> DG_GIS_MAP
16:27:31,298  INFO Configuration:591 - Reading mappings from resource: org/digijava/module/gis/dbentity/GisMapPoint.hbm.xml
16:27:31,299  INFO Configuration:536 - Reading mappings from resource: org/digijava/module/gis/dbentity/GisMapPoint.hbm.xml
16:27:31,325  INFO HbmBinder:300 - Mapping class: org.digijava.module.gis.dbentity.GisMapPoint -> DG_GIS_MAP_POINT
16:27:31,328  INFO Configuration:591 - Reading mappings from resource: org/digijava/module/gis/dbentity/GisMapSegment.hbm.xml
16:27:31,328  INFO Configuration:536 - Reading mappings from resource: org/digijava/module/gis/dbentity/GisMapSegment.hbm.xml
16:27:31,351  INFO HbmBinder:300 - Mapping class: org.digijava.module.gis.dbentity.GisMapSegment -> DG_GIS_MAP_SEGMENT
16:27:31,353  INFO Configuration:591 - Reading mappings from resource: org/digijava/module/gis/dbentity/GisMapShape.hbm.xml
16:27:31,358  INFO Configuration:536 - Reading mappings from resource: org/digijava/module/gis/dbentity/GisMapShape.hbm.xml
16:27:31,380  INFO HbmBinder:300 - Mapping class: org.digijava.module.gis.dbentity.GisMapShape -> DG_GIS_MAP_SHAPE
16:27:31,381  WARN HibernateClassLoader:105 - No hibernate classes for module admin
16:27:31,491  INFO HbmBinder:2382 - Mapping collection: org.digijava.kernel.user.User.interests -> DG_INTERESTS
16:27:31,508  INFO HbmBinder:2382 - Mapping collection: org.digijava.kernel.user.User.contacts -> DG_USER_CONTACT_INFO
16:27:31,509  INFO HbmBinder:2382 - Mapping collection: org.digijava.kernel.request.Site.groups -> DG_GROUP
16:27:31,509  INFO HbmBinder:2382 - Mapping collection: org.digijava.kernel.request.Site.siteDomains -> DG_SITE_DOMAIN
16:27:31,510  INFO HbmBinder:2382 - Mapping collection: org.digijava.kernel.request.Site.moduleInstances -> DG_MODULE_INSTANCE
16:27:31,513  INFO HbmBinder:2382 - Mapping collection: org.digijava.kernel.entity.PrincipalPermission.parameters -> DG_PRINCIPAL_PERMISSION_PARAM
16:27:31,515  INFO HbmBinder:2382 - Mapping collection: org.digijava.module.aim.dbentity.AmpActivity.activityDocuments -> AMP_ACTIVITY_DOCUMENT
16:27:31,515  INFO HbmBinder:2382 - Mapping collection: org.digijava.module.aim.dbentity.AmpActivity.referenceDocs -> AMP_ACTIVITY_REFERENCEDOC
16:27:31,516  INFO HbmBinder:2382 - Mapping collection: org.digijava.module.aim.dbentity.AmpActivity.orgrole -> AMP_ORG_ROLE
16:27:31,517  INFO HbmBinder:2382 - Mapping collection: org.digijava.module.aim.dbentity.AmpActivity.sectors -> AMP_ACTIVITY_SECTOR
16:27:31,517  INFO HbmBinder:2382 - Mapping collection: org.digijava.module.aim.dbentity.AmpActivity.contracts -> IPA_CONTRACT
16:27:31,518  INFO HbmBinder:2382 - Mapping collection: org.digijava.module.aim.dbentity.AmpActivity.componentes -> AMP_ACTIVITY_COMPONENTE
16:27:31,519  INFO HbmBinder:2382 - Mapping collection: org.digijava.module.aim.dbentity.AmpActivity.locations -> AMP_ACTIVITY_LOCATION
16:27:31,519  INFO HbmBinder:2382 - Mapping collection: org.digijava.module.aim.dbentity.AmpActivity.costs -> AMP_EU_ACTIVITY
16:27:31,520  INFO HbmBinder:2382 - Mapping collection: org.digijava.module.aim.dbentity.AmpActivity.internalIds -> AMP_ACTIVITY_INTERNAL_ID
16:27:31,521  INFO HbmBinder:2382 - Mapping collection: org.digijava.module.aim.dbentity.AmpActivity.funding -> AMP_FUNDING
16:27:31,522  INFO HbmBinder:2382 - Mapping collection: org.digijava.module.aim.dbentity.AmpActivity.notes -> AMP_NOTES
16:27:31,522  INFO HbmBinder:2382 - Mapping collection: org.digijava.module.aim.dbentity.AmpActivity.closingDates -> AMP_ACTIVITY_CLOSING_DATES
16:27:31,523  INFO HbmBinder:2382 - Mapping collection: org.digijava.module.aim.dbentity.AmpActivity.issues -> AMP_ISSUES
16:27:31,524  INFO HbmBinder:2382 - Mapping collection: org.digijava.module.aim.dbentity.AmpActivity.regionalFundings -> AMP_REGIONAL_FUNDING
16:27:31,524  INFO HbmBinder:2382 - Mapping collection: org.digijava.module.aim.dbentity.AmpActivity.survey -> AMP_AHSURVEY
16:27:31,525  INFO HbmBinder:2382 - Mapping collection: org.digijava.module.aim.dbentity.AmpActivity.actPrograms -> AMP_ACTIVITY_PROGRAM
16:27:31,526  INFO HbmBinder:2382 - Mapping collection: org.digijava.module.aim.dbentity.AmpActivity.indicators -> AMP_INDICATOR_CONNECTION
16:27:31,526  INFO HbmBinder:2382 - Mapping collection: org.digijava.module.aim.dbentity.AmpSector.aidlist -> AMP_ACTIVITY_SECTOR
16:27:31,527  INFO HbmBinder:2382 - Mapping collection: org.digijava.module.aim.dbentity.AmpLocation.activities -> AMP_ACTIVITY_LOCATION
16:27:31,528  INFO HbmBinder:2382 - Mapping collection: org.digijava.module.aim.dbentity.AmpOrganisation.fundingDetails -> AMP_PLEDGES
[...]
16:27:38,845  WARN SingletonEhCacheProvider:91 - Could not find a specific ehcache configuration for cache named [org.digijava.module.aim.dbentity.AmpActivityLocation]; using defaults.
16:27:38,849  WARN SingletonEhCacheProvider:91 - Could not find a specific ehcache configuration for cache named [org.digijava.module.aim.dbentity.AmpColumns]; using defaults.
16:27:38,853  WARN SingletonEhCacheProvider:91 - Could not find a specific ehcache configuration for cache named [org.digijava.module.aim.dbentity.AmpCategoryValueLocations]; using defaults.
16:27:38,860  WARN SingletonEhCacheProvider:91 - Could not find a specific ehcache configuration for cache named [org.digijava.module.widget.dbentity.AmpWidget]; using defaults.
16:27:38,867  WARN SingletonEhCacheProvider:91 - Could not find a specific ehcache configuration for cache named [org.digijava.module.aim.dbentity.AmpComponentType]; using defaults.
16:27:38,873  WARN SingletonEhCacheProvider:91 - Could not find a specific ehcache configuration for cache named [org.digijava.module.help.dbentity.HelpTopic]; using defaults.
16:27:38,879  WARN SingletonEhCacheProvider:91 - Could not find a specific ehcache configuration for cache named [org.digijava.module.aim.dbentity.AmpTeamReports]; using defaults.
16:27:38,884  WARN SingletonEhCacheProvider:91 - Could not find a specific ehcache configuration for cache named [org.digijava.module.gis.dbentity.GisMapSegment]; using defaults.
16:27:38,958  WARN SingletonEhCacheProvider:91 - Could not find a specific ehcache configuration for cache named [org.digijava.module.aim.dbentity.AmpAhsurveyResponse]; using defaults.
16:27:38,963  WARN SingletonEhCacheProvider:91 - Could not find a specific ehcache configuration for cache named [org.digijava.module.aim.dbentity.AmpAhsurveyIndicatorCalcFormula]; using defaults.
16:27:38,968  WARN SingletonEhCacheProvider:91 - Could not find a specific ehcache configuration for cache named [org.digijava.module.aim.dbentity.AmpActivityProgramSettings]; using defaults.
16:27:38,990  WARN SingletonEhCacheProvider:91 - Could not find a specific ehcache configuration for cache named [org.digijava.module.aim.dbentity.EUActivityContribution]; using defaults.
16:27:39,008  WARN SingletonEhCacheProvider:91 - Could not find a specific ehcache configuration for cache named [org.digijava.module.aim.dbentity.AmpSector]; using defaults.
16:27:39,011  WARN SingletonEhCacheProvider:91 - Could not find a specific ehcache configuration for cache named [org.digijava.module.aim.dbentity.AmpActivityReferenceDoc]; using defaults.
16:27:39,018  WARN SingletonEhCacheProvider:91 - Could not find a specific ehcache configuration for cache named [org.digijava.kernel.entity.Locale]; using defaults.
16:27:39,025  WARN SingletonEhCacheProvider:91 - Could not find a specific ehcache configuration for cache named [org.digijava.module.widget.dbentity.AmpDaWidgetPlace]; using defaults.
16:27:39,032  WARN SingletonEhCacheProvider:91 - Could not find a specific ehcache configuration for cache named [org.digijava.module.aim.dbentity.AmpRole]; using defaults.
16:27:39,037  WARN SingletonEhCacheProvider:91 - Could not find a specific ehcache configuration for cache named [org.digijava.module.widget.dbentity.AmpDaColumn]; using defaults.
16:27:39,044  WARN SingletonEhCacheProvider:91 - Could not find a specific ehcache configuration for cache named [org.digijava.module.aim.dbentity.AmpMEIndicators]; using defaults.
16:27:39,055  WARN SingletonEhCacheProvider:91 - Could not find a specific ehcache configuration for cache named [org.digijava.module.aim.dbentity.AmpReportsOptions]; using defaults.
16:27:39,062  WARN SingletonEhCacheProvider:91 - Could not find a specific ehcache configuration for cache named [org.digijava.module.aim.dbentity.AmpTeamPageFilters]; using defaults.
16:27:39,066  WARN SingletonEhCacheProvider:91 - Could not find a specific ehcache configuration for cache named [org.digijava.kernel.user.User]; using defaults.
16:27:39,074  WARN SingletonEhCacheProvider:91 - Could not find a specific ehcache configuration for cache named [org.digijava.module.categorymanager.dbentity.AmpCategoryClass]; using defaults.
16:27:39,076  WARN SingletonEhCacheProvider:91 - Could not find a specific ehcache configuration for cache named [org.digijava.module.categorymanager.dbentity.AmpCategoryValue]; using defaults.
16:27:39,079  WARN SingletonEhCacheProvider:91 - Could not find a specific ehcache configuration for cache named [org.digijava.module.widget.dbentity.AmpDaValue]; using defaults.
16:27:39,093  WARN SingletonEhCacheProvider:91 - Could not find a specific ehcache configuration for cache named [org.digijava.module.aim.dbentity.AmpReportLog]; using defaults.
16:27:39,097  WARN SingletonEhCacheProvider:91 - Could not find a specific ehcache configuration for cache named [org.digijava.module.contentrepository.dbentity.CrDocumentNodeAttributes]; using defaults.
16:27:39,101  WARN SingletonEhCacheProvider:91 - Could not find a specific ehcache configuration for cache named [org.digijava.module.aim.dbentity.AmpReportPhysicalPerformance]; using defaults.
16:27:39,104  WARN SingletonEhCacheProvider:91 - Could not find a specific ehcache configuration for cache named [org.digijava.module.aim.dbentity.AmpNotes]; using defaults.
16:27:39,112  WARN SingletonEhCacheProvider:91 - Could not find a specific ehcache configuration for cache named [org.digijava.module.aim.dbentity.AmpPledge]; using defaults.
16:27:39,133  WARN SingletonEhCacheProvider:91 - Could not find a specific ehcache configuration for cache named [org.digijava.module.aim.dbentity.AmpColumnsOrder]; using defaults.
16:27:39,136  WARN SingletonEhCacheProvider:91 - Could not find a specific ehcache configuration for cache named [org.digijava.module.aim.dbentity.IPAContract]; using defaults.
16:27:39,156  WARN SingletonEhCacheProvider:91 - Could not find a specific ehcache configuration for cache named [org.digijava.module.gateperm.core.Permission]; using defaults.
16:27:39,200  WARN SingletonEhCacheProvider:91 - Could not find a specific ehcache configuration for cache named [org.digijava.module.aim.dbentity.AmpFilters]; using defaults.
16:27:39,215  WARN SingletonEhCacheProvider:91 - Could not find a specific ehcache configuration for cache named [org.digijava.module.aim.dbentity.AmpPages]; using defaults.
16:27:39,219  WARN SingletonEhCacheProvider:91 - Could not find a specific ehcache configuration for cache named [org.digijava.module.aim.dbentity.AmpLevel]; using defaults.
16:27:39,234  WARN SingletonEhCacheProvider:91 - Could not find a specific ehcache configuration for cache named [org.digijava.module.aim.dbentity.AmpFeature]; using defaults.
16:27:39,239  WARN SingletonEhCacheProvider:91 - Could not find a specific ehcache configuration for cache named [org.digijava.module.aim.dbentity.AmpClosingDateHistory]; using defaults.
16:27:39,301  WARN SingletonEhCacheProvider:91 - Could not find a specific ehcache configuration for cache named [org.digijava.module.aim.dbentity.AmpActivityProgram]; using defaults.
16:27:39,306  WARN SingletonEhCacheProvider:91 - Could not find a specific ehcache configuration for cache named [org.digijava.module.aim.dbentity.AmpMeasures]; using defaults.
16:27:39,315  WARN SingletonEhCacheProvider:91 - Could not find a specific ehcache configuration for cache named [org.digijava.module.aim.dbentity.AmpFiscalCalendar]; using defaults.
16:27:39,348  WARN SingletonEhCacheProvider:91 - Could not find a specific ehcache configuration for cache named [org.digijava.kernel.entity.Interests]; using defaults.
16:27:39,354  WARN SingletonEhCacheProvider:91 - Could not find a specific ehcache configuration for cache named [org.digijava.module.aim.dbentity.AmpRegionalFunding]; using defaults.
16:27:39,361  WARN SingletonEhCacheProvider:91 - Could not find a specific ehcache configuration for cache named [org.digijava.module.aim.dbentity.AmpTermsAssist]; using defaults.
16:27:39,365  WARN SingletonEhCacheProvider:91 - Could not find a specific ehcache configuration for cache named [org.digijava.module.aim.dbentity.AmpField]; using defaults.
16:27:39,368  WARN SingletonEhCacheProvider:91 - Could not find a specific ehcache configuration for cache named [org.digijava.module.aim.dbentity.AmpOrgRole]; using defaults.
16:27:39,375  WARN SingletonEhCacheProvider:91 - Could not find a specific ehcache configuration for cache named [org.digijava.kernel.entity.ModuleInstance]; using defaults.
16:27:39,377  WARN SingletonEhCacheProvider:91 - Could not find a specific ehcache configuration for cache named [org.digijava.module.aim.dbentity.AmpCurrency]; using defaults.
16:27:39,380  WARN SingletonEhCacheProvider:91 - Could not find a specific ehcache configuration for cache named [org.digijava.module.aim.dbentity.IPAContractDisbursement]; using defaults.
16:27:39,384  WARN SingletonEhCacheProvider:91 - Could not find a specific ehcache configuration for cache named [org.digijava.module.aim.dbentity.AmpReportCache]; using defaults.
16:27:39,402  WARN SingletonEhCacheProvider:91 - Could not find a specific ehcache configuration for cache named [org.digijava.module.gis.dbentity.GisMap]; using defaults.
16:27:39,408  WARN SingletonEhCacheProvider:91 - Could not find a specific ehcache configuration for cache named [org.digijava.module.aim.dbentity.AmpActivityDocument]; using defaults.
16:27:39,412  WARN SingletonEhCacheProvider:91 - Could not find a specific ehcache configuration for cache named [org.digijava.kernel.entity.UserLangPreferences]; using defaults.
16:27:39,414  WARN SingletonEhCacheProvider:91 - Could not find a specific ehcache configuration for cache named [org.digijava.module.aim.dbentity.AmpDesktopTabSelection]; using defaults.
16:27:39,418  WARN SingletonEhCacheProvider:91 - Could not find a specific ehcache configuration for cache named [org.digijava.module.aim.dbentity.AmpFundingMTEFProjection]; using defaults.
16:27:39,423  WARN SingletonEhCacheProvider:91 - Could not find a specific ehcache configuration for cache named [org.digijava.module.autopatcher.core.PatchFile]; using defaults.
16:27:39,429  WARN SingletonEhCacheProvider:91 - Could not find a specific ehcache configuration for cache named [org.digijava.module.aim.dbentity.AmpClassificationConfiguration]; using defaults.
16:27:39,435  WARN SingletonEhCacheProvider:91 - Could not find a specific ehcache configuration for cache named [org.digijava.kernel.request.SiteDomain]; using defaults.
16:27:39,443  WARN SingletonEhCacheProvider:91 - Could not find a specific ehcache configuration for cache named [org.digijava.module.aim.dbentity.AmpIndicatorRiskRatings]; using defaults.
16:27:39,447  WARN SingletonEhCacheProvider:91 - Could not find a specific ehcache configuration for cache named [org.digijava.module.aim.dbentity.AmpComments]; using defaults.
16:27:39,455  WARN SingletonEhCacheProvider:91 - Could not find a specific ehcache configuration for cache named [org.digijava.kernel.entity.GeoRegion]; using defaults.
16:27:39,464  WARN SingletonEhCacheProvider:91 - Could not find a specific ehcache configuration for cache named [org.digijava.module.aim.dbentity.AmpWoreda]; using defaults.
16:27:39,469  WARN SingletonEhCacheProvider:91 - Could not find a specific ehcache configuration for cache named [org.digijava.module.aim.dbentity.EUActivity]; using defaults.
16:27:39,482  WARN SingletonEhCacheProvider:91 - Could not find a specific ehcache configuration for cache named [org.digijava.module.aim.dbentity.AmpActivity]; using defaults.
16:27:39,645 FATAL HibernateClassLoader:198 - Unable to build hibernate session factory
org.hibernate.PropertyNotFoundException: Could not find a getter for country in class org.digijava.module.aim.dbentity.AmpActivity
	at org.hibernate.property.BasicPropertyAccessor.createGetter(BasicPropertyAccessor.java:282)
	at org.hibernate.property.BasicPropertyAccessor.getGetter(BasicPropertyAccessor.java:275)
	at org.hibernate.mapping.Property.getGetter(Property.java:272)
	at org.hibernate.tuple.entity.PojoEntityTuplizer.buildPropertyGetter(PojoEntityTuplizer.java:247)
	at org.hibernate.tuple.entity.AbstractEntityTuplizer.<init>(AbstractEntityTuplizer.java:125)
	at org.hibernate.tuple.entity.PojoEntityTuplizer.<init>(PojoEntityTuplizer.java:55)
	at org.hibernate.tuple.entity.EntityEntityModeToTuplizerMapping.<init>(EntityEntityModeToTuplizerMapping.java:56)
	at org.hibernate.tuple.entity.EntityMetamodel.<init>(EntityMetamodel.java:302)
	at org.hibernate.persister.entity.AbstractEntityPersister.<init>(AbstractEntityPersister.java:434)
	at org.hibernate.persister.entity.SingleTableEntityPersister.<init>(SingleTableEntityPersister.java:109)
	at org.hibernate.persister.PersisterFactory.createClassPersister(PersisterFactory.java:55)
	at org.hibernate.impl.SessionFactoryImpl.<init>(SessionFactoryImpl.java:226)
	at org.hibernate.cfg.Configuration.buildSessionFactory(Configuration.java:1300)
	at org.digijava.kernel.persistence.HibernateClassLoader.buildHibernateSessionFactory(HibernateClassLoader.java:190)
	at org.digijava.kernel.persistence.PersistenceManager.initialize(PersistenceManager.java:125)
	at org.dgfoundation.amp.test.helper.Configuration.<init>(Configuration.java:18)
	at org.dgfoundation.amp.test.helper.Configuration.initConfig(Configuration.java:26)
	at org.dgfoundation.amp.test.example.SimpleUnitTest.setUp(SimpleUnitTest.java:33)
	at junit.framework.TestCase.runBare(TestCase.java:125)
	at junit.framework.TestResult$1.protect(TestResult.java:106)
	at junit.framework.TestResult.runProtected(TestResult.java:124)
	at junit.framework.TestResult.run(TestResult.java:109)
	at junit.framework.TestCase.run(TestCase.java:118)
	at junit.framework.TestSuite.runTest(TestSuite.java:208)
	at junit.framework.TestSuite.run(TestSuite.java:203)
	at junit.framework.TestSuite.runTest(TestSuite.java:208)
	at junit.framework.TestSuite.run(TestSuite.java:203)
	at org.apache.tools.ant.taskdefs.optional.junit.JUnitTestRunner.run(JUnitTestRunner.java:421)
	at org.apache.tools.ant.taskdefs.optional.junit.JUnitTask.executeInVM(JUnitTask.java:1245)
	at org.apache.tools.ant.taskdefs.optional.junit.JUnitTask.execute(JUnitTask.java:814)
	at org.apache.tools.ant.taskdefs.optional.junit.JUnitTask.executeOrQueue(JUnitTask.java:1657)
	at org.apache.tools.ant.taskdefs.optional.junit.JUnitTask.execute(JUnitTask.java:764)
	at org.apache.tools.ant.UnknownElement.execute(UnknownElement.java:288)
	at sun.reflect.GeneratedMethodAccessor1.invoke(Unknown Source)
	at sun.reflect.DelegatingMethodAccessorImpl.invoke(DelegatingMethodAccessorImpl.java:25)
	at java.lang.reflect.Method.invoke(Method.java:585)
	at org.apache.tools.ant.dispatch.DispatchUtils.execute(DispatchUtils.java:105)
	at org.apache.tools.ant.Task.perform(Task.java:348)
	at org.apache.tools.ant.Target.execute(Target.java:357)
	at org.apache.tools.ant.Target.performTasks(Target.java:385)
	at org.apache.tools.ant.Project.executeSortedTargets(Project.java:1329)
	at org.apache.tools.ant.Project.executeTarget(Project.java:1298)
	at org.apache.tools.ant.helper.DefaultExecutor.executeTargets(DefaultExecutor.java:41)
	at org.eclipse.ant.internal.ui.antsupport.EclipseDefaultExecutor.executeTargets(EclipseDefaultExecutor.java:32)
	at org.apache.tools.ant.Project.executeTargets(Project.java:1181)
	at org.eclipse.ant.internal.ui.antsupport.InternalAntRunner.run(InternalAntRunner.java:423)
	at org.eclipse.ant.internal.ui.antsupport.InternalAntRunner.main(InternalAntRunner.java:137)
16:27:39,666 FATAL PersistenceManager:136 - Unable to initialize PersistenceManager
java.lang.RuntimeException: org.hibernate.PropertyNotFoundException: Could not find a getter for country in class org.digijava.module.aim.dbentity.AmpActivity
	at org.digijava.kernel.persistence.HibernateClassLoader.buildHibernateSessionFactory(HibernateClassLoader.java:199)
	at org.digijava.kernel.persistence.PersistenceManager.initialize(PersistenceManager.java:125)
	at org.dgfoundation.amp.test.helper.Configuration.<init>(Configuration.java:18)
	at org.dgfoundation.amp.test.helper.Configuration.initConfig(Configuration.java:26)
	at org.dgfoundation.amp.test.example.SimpleUnitTest.setUp(SimpleUnitTest.java:33)
	at junit.framework.TestCase.runBare(TestCase.java:125)
	at junit.framework.TestResult$1.protect(TestResult.java:106)
	at junit.framework.TestResult.runProtected(TestResult.java:124)
	at junit.framework.TestResult.run(TestResult.java:109)
	at junit.framework.TestCase.run(TestCase.java:118)
	at junit.framework.TestSuite.runTest(TestSuite.java:208)
	at junit.framework.TestSuite.run(TestSuite.java:203)
	at junit.framework.TestSuite.runTest(TestSuite.java:208)
	at junit.framework.TestSuite.run(TestSuite.java:203)
	at org.apache.tools.ant.taskdefs.optional.junit.JUnitTestRunner.run(JUnitTestRunner.java:421)
	at org.apache.tools.ant.taskdefs.optional.junit.JUnitTask.executeInVM(JUnitTask.java:1245)
	at org.apache.tools.ant.taskdefs.optional.junit.JUnitTask.execute(JUnitTask.java:814)
	at org.apache.tools.ant.taskdefs.optional.junit.JUnitTask.executeOrQueue(JUnitTask.java:1657)
	at org.apache.tools.ant.taskdefs.optional.junit.JUnitTask.execute(JUnitTask.java:764)
	at org.apache.tools.ant.UnknownElement.execute(UnknownElement.java:288)
	at sun.reflect.GeneratedMethodAccessor1.invoke(Unknown Source)
	at sun.reflect.DelegatingMethodAccessorImpl.invoke(DelegatingMethodAccessorImpl.java:25)
	at java.lang.reflect.Method.invoke(Method.java:585)
	at org.apache.tools.ant.dispatch.DispatchUtils.execute(DispatchUtils.java:105)
	at org.apache.tools.ant.Task.perform(Task.java:348)
	at org.apache.tools.ant.Target.execute(Target.java:357)
	at org.apache.tools.ant.Target.performTasks(Target.java:385)
	at org.apache.tools.ant.Project.executeSortedTargets(Project.java:1329)
	at org.apache.tools.ant.Project.executeTarget(Project.java:1298)
	at org.apache.tools.ant.helper.DefaultExecutor.executeTargets(DefaultExecutor.java:41)
	at org.eclipse.ant.internal.ui.antsupport.EclipseDefaultExecutor.executeTargets(EclipseDefaultExecutor.java:32)
	at org.apache.tools.ant.Project.executeTargets(Project.java:1181)
	at org.eclipse.ant.internal.ui.antsupport.InternalAntRunner.run(InternalAntRunner.java:423)
	at org.eclipse.ant.internal.ui.antsupport.InternalAntRunner.main(InternalAntRunner.java:137)
Caused by: org.hibernate.PropertyNotFoundException: Could not find a getter for country in class org.digijava.module.aim.dbentity.AmpActivity
	at org.hibernate.property.BasicPropertyAccessor.createGetter(BasicPropertyAccessor.java:282)
	at org.hibernate.property.BasicPropertyAccessor.getGetter(BasicPropertyAccessor.java:275)
	at org.hibernate.mapping.Property.getGetter(Property.java:272)
	at org.hibernate.tuple.entity.PojoEntityTuplizer.buildPropertyGetter(PojoEntityTuplizer.java:247)
	at org.hibernate.tuple.entity.AbstractEntityTuplizer.<init>(AbstractEntityTuplizer.java:125)
	at org.hibernate.tuple.entity.PojoEntityTuplizer.<init>(PojoEntityTuplizer.java:55)
	at org.hibernate.tuple.entity.EntityEntityModeToTuplizerMapping.<init>(EntityEntityModeToTuplizerMapping.java:56)
	at org.hibernate.tuple.entity.EntityMetamodel.<init>(EntityMetamodel.java:302)
	at org.hibernate.persister.entity.AbstractEntityPersister.<init>(AbstractEntityPersister.java:434)
	at org.hibernate.persister.entity.SingleTableEntityPersister.<init>(SingleTableEntityPersister.java:109)
	at org.hibernate.persister.PersisterFactory.createClassPersister(PersisterFactory.java:55)
	at org.hibernate.impl.SessionFactoryImpl.<init>(SessionFactoryImpl.java:226)
	at org.hibernate.cfg.Configuration.buildSessionFactory(Configuration.java:1300)
	at org.digijava.kernel.persistence.HibernateClassLoader.buildHibernateSessionFactory(HibernateClassLoader.java:190)
	... 33 more
16:27:39,735 ERROR DbUtil:1402 - Unable to get all organisations
16:27:40,089 ERROR DbUtil:1402 - Unable to get all organisations
]]></system-out>
  <system-err><![CDATA[]]></system-err>
</testsuite>
